This is XeTeX, Version 3.14159265-2.6-0.999991 (TeX Live 2019/W32TeX) (preloaded format=xelatex 2019.10.14)  15 OCT 2019 14:47
entering extended mode
 restricted \write18 enabled.
 %&-line parsing enabled.
**homework-one.tex
(./homework-one.tex
LaTeX2e <2019-10-01> patch level 1
(c:/Users/15082/AppData/Roaming/TinyTeX/texmf-dist/tex/latex/base/book.cls
Document Class: book 2019/08/27 v1.4j Standard LaTeX document class
(c:/Users/15082/AppData/Roaming/TinyTeX/texmf-dist/tex/latex/base/bk10.clo
File: bk10.clo 2019/08/27 v1.4j Standard LaTeX file (size option)
)
\c@part=\count80
\c@chapter=\count81
\c@section=\count82
\c@subsection=\count83
\c@subsubsection=\count84
\c@paragraph=\count85
\c@subparagraph=\count86
\c@figure=\count87
\c@table=\count88
\abovecaptionskip=\skip41
\belowcaptionskip=\skip42
\bibindent=\dimen102
) (c:/Users/15082/AppData/Roaming/TinyTeX/texmf-dist/tex/latex/lm/lmodern.sty
Package: lmodern 2009/10/30 v1.6 Latin Modern Fonts
LaTeX Font Info:    Overwriting symbol font `operators' in version `normal'
(Font)                  OT1/cmr/m/n --> OT1/lmr/m/n on input line 22.
LaTeX Font Info:    Overwriting symbol font `letters' in version `normal'
(Font)                  OML/cmm/m/it --> OML/lmm/m/it on input line 23.
LaTeX Font Info:    Overwriting symbol font `symbols' in version `normal'
(Font)                  OMS/cmsy/m/n --> OMS/lmsy/m/n on input line 24.
LaTeX Font Info:    Overwriting symbol font `largesymbols' in version `normal'
(Font)                  OMX/cmex/m/n --> OMX/lmex/m/n on input line 25.
LaTeX Font Info:    Overwriting symbol font `operators' in version `bold'
(Font)                  OT1/cmr/bx/n --> OT1/lmr/bx/n on input line 26.
LaTeX Font Info:    Overwriting symbol font `letters' in version `bold'
(Font)                  OML/cmm/b/it --> OML/lmm/b/it on input line 27.
LaTeX Font Info:    Overwriting symbol font `symbols' in version `bold'
(Font)                  OMS/cmsy/b/n --> OMS/lmsy/b/n on input line 28.
LaTeX Font Info:    Overwriting symbol font `largesymbols' in version `bold'
(Font)                  OMX/cmex/m/n --> OMX/lmex/m/n on input line 29.
LaTeX Font Info:    Overwriting math alphabet `\mathbf' in version `normal'
(Font)                  OT1/cmr/bx/n --> OT1/lmr/bx/n on input line 31.
LaTeX Font Info:    Overwriting math alphabet `\mathsf' in version `normal'
(Font)                  OT1/cmss/m/n --> OT1/lmss/m/n on input line 32.
LaTeX Font Info:    Overwriting math alphabet `\mathit' in version `normal'
(Font)                  OT1/cmr/m/it --> OT1/lmr/m/it on input line 33.
LaTeX Font Info:    Overwriting math alphabet `\mathtt' in version `normal'
(Font)                  OT1/cmtt/m/n --> OT1/lmtt/m/n on input line 34.
LaTeX Font Info:    Overwriting math alphabet `\mathbf' in version `bold'
(Font)                  OT1/cmr/bx/n --> OT1/lmr/bx/n on input line 35.
LaTeX Font Info:    Overwriting math alphabet `\mathsf' in version `bold'
(Font)                  OT1/cmss/bx/n --> OT1/lmss/bx/n on input line 36.
LaTeX Font Info:    Overwriting math alphabet `\mathit' in version `bold'
(Font)                  OT1/cmr/bx/it --> OT1/lmr/bx/it on input line 37.
LaTeX Font Info:    Overwriting math alphabet `\mathtt' in version `bold'
(Font)                  OT1/cmtt/m/n --> OT1/lmtt/m/n on input line 38.
)
(c:/Users/15082/AppData/Roaming/TinyTeX/texmf-dist/tex/latex/amsfonts/amssymb.s
ty
Package: amssymb 2013/01/14 v3.01 AMS font symbols

(c:/Users/15082/AppData/Roaming/TinyTeX/texmf-dist/tex/latex/amsfonts/amsfonts.
sty
Package: amsfonts 2013/01/14 v3.01 Basic AMSFonts support
\@emptytoks=\toks14
\symAMSa=\mathgroup4
\symAMSb=\mathgroup5
LaTeX Font Info:    Redeclaring math symbol \hbar on input line 98.
LaTeX Font Info:    Overwriting math alphabet `\mathfrak' in version `bold'
(Font)                  U/euf/m/n --> U/euf/b/n on input line 106.
))
(c:/Users/15082/AppData/Roaming/TinyTeX/texmf-dist/tex/latex/amsmath/amsmath.st
y
Package: amsmath 2019/04/01 v2.17c AMS math features
\@mathmargin=\skip43
For additional information on amsmath, use the `?' option.

(c:/Users/15082/AppData/Roaming/TinyTeX/texmf-dist/tex/latex/amsmath/amstext.st
y
Package: amstext 2000/06/29 v2.01 AMS text

(c:/Users/15082/AppData/Roaming/TinyTeX/texmf-dist/tex/latex/amsmath/amsgen.sty
File: amsgen.sty 1999/11/30 v2.0 generic functions
\@emptytoks=\toks15
\ex@=\dimen103
))
(c:/Users/15082/AppData/Roaming/TinyTeX/texmf-dist/tex/latex/amsmath/amsbsy.sty
Package: amsbsy 1999/11/29 v1.2d Bold Symbols
\pmbraise@=\dimen104
)
(c:/Users/15082/AppData/Roaming/TinyTeX/texmf-dist/tex/latex/amsmath/amsopn.sty
Package: amsopn 2016/03/08 v2.02 operator names
)
\inf@bad=\count89
LaTeX Info: Redefining \frac on input line 227.
\uproot@=\count90
\leftroot@=\count91
LaTeX Info: Redefining \overline on input line 389.
\classnum@=\count92
\DOTSCASE@=\count93
LaTeX Info: Redefining \ldots on input line 486.
LaTeX Info: Redefining \dots on input line 489.
LaTeX Info: Redefining \cdots on input line 610.
\Mathstrutbox@=\box27
\strutbox@=\box28
\big@size=\dimen105
LaTeX Font Info:    Redeclaring font encoding OML on input line 733.
LaTeX Font Info:    Redeclaring font encoding OMS on input line 734.
\macc@depth=\count94
\c@MaxMatrixCols=\count95
\dotsspace@=\muskip10
\c@parentequation=\count96
\dspbrk@lvl=\count97
\tag@help=\toks16
\row@=\count98
\column@=\count99
\maxfields@=\count100
\andhelp@=\toks17
\eqnshift@=\dimen106
\alignsep@=\dimen107
\tagshift@=\dimen108
\tagwidth@=\dimen109
\totwidth@=\dimen110
\lineht@=\dimen111
\@envbody=\toks18
\multlinegap=\skip44
\multlinetaggap=\skip45
\mathdisplay@stack=\toks19
LaTeX Info: Redefining \[ on input line 2855.
LaTeX Info: Redefining \] on input line 2856.
)
(c:/Users/15082/AppData/Roaming/TinyTeX/texmf-dist/tex/generic/ifxetex/ifxetex.
sty
Package: ifxetex 2010/09/12 v0.6 Provides ifxetex conditional
)
(c:/Users/15082/AppData/Roaming/TinyTeX/texmf-dist/tex/generic/oberdiek/ifluate
x.sty
Package: ifluatex 2016/05/16 v1.4 Provides the ifluatex switch (HO)
Package ifluatex Info: LuaTeX not detected.
) (c:/Users/15082/AppData/Roaming/TinyTeX/texmf-dist/tex/latex/base/fixltx2e.st
y
Package: fixltx2e 2016/12/29 v2.1a fixes to LaTeX (obsolete)
Applying: [2015/01/01] Old fixltx2e package on input line 46.

Package fixltx2e Warning: fixltx2e is not required with releases after 2015
(fixltx2e)                All fixes are now in the LaTeX kernel.
(fixltx2e)                See the latexrelease package for details.

Already applied: [0000/00/00] Old fixltx2e package on input line 53.
)
(c:/Users/15082/AppData/Roaming/TinyTeX/texmf-dist/tex/xelatex/mathspec/mathspe
c.sty
Package: mathspec 2016/12/22 v0.2b LaTeX Package (Mathematics font selection fo
r XeLaTeX)

(c:/Users/15082/AppData/Roaming/TinyTeX/texmf-dist/tex/latex/etoolbox/etoolbox.
sty
Package: etoolbox 2019/09/21 v2.5h e-TeX tools for LaTeX (JAW)
\etb@tempcnta=\count101
)
(c:/Users/15082/AppData/Roaming/TinyTeX/texmf-dist/tex/latex/fontspec/fontspec.
sty
(c:/Users/15082/AppData/Roaming/TinyTeX/texmf-dist/tex/latex/l3packages/xparse/
xparse.sty
(c:/Users/15082/AppData/Roaming/TinyTeX/texmf-dist/tex/latex/l3kernel/expl3.sty
Package: expl3 2019-10-11 L3 programming layer (loader) 

(c:/Users/15082/AppData/Roaming/TinyTeX/texmf-dist/tex/latex/l3kernel/expl3-cod
e.tex
Package: expl3 2019-10-11 L3 programming layer (code)
\c_max_int=\count102
\l_tmpa_int=\count103
\l_tmpb_int=\count104
\g_tmpa_int=\count105
\g_tmpb_int=\count106
\l__seq_internal_a_int=\count107
\l__seq_internal_b_int=\count108
\g__kernel_prg_map_int=\count109
\c__ior_term_noprompt_ior=\count110
\c_log_iow=\count111
\l_iow_line_count_int=\count112
\l__iow_line_target_int=\count113
\l__iow_one_indent_int=\count114
\l__iow_indent_int=\count115
\c_zero_dim=\dimen112
\c_max_dim=\dimen113
\l_tmpa_dim=\dimen114
\l_tmpb_dim=\dimen115
\g_tmpa_dim=\dimen116
\g_tmpb_dim=\dimen117
\c_zero_skip=\skip46
\c_max_skip=\skip47
\l_tmpa_skip=\skip48
\l_tmpb_skip=\skip49
\g_tmpa_skip=\skip50
\g_tmpb_skip=\skip51
\c_zero_muskip=\muskip11
\c_max_muskip=\muskip12
\l_tmpa_muskip=\muskip13
\l_tmpb_muskip=\muskip14
\g_tmpa_muskip=\muskip15
\g_tmpb_muskip=\muskip16
\l_keys_choice_int=\count116
\l__intarray_loop_int=\count117
\c__intarray_sp_dim=\dimen118
\g__intarray_font_int=\count118
\c__fp_leading_shift_int=\count119
\c__fp_middle_shift_int=\count120
\c__fp_trailing_shift_int=\count121
\c__fp_big_leading_shift_int=\count122
\c__fp_big_middle_shift_int=\count123
\c__fp_big_trailing_shift_int=\count124
\c__fp_Bigg_leading_shift_int=\count125
\c__fp_Bigg_middle_shift_int=\count126
\c__fp_Bigg_trailing_shift_int=\count127
\g__fp_array_int=\count128
\l__fp_array_loop_int=\count129
\l__sort_length_int=\count130
\l__sort_min_int=\count131
\l__sort_top_int=\count132
\l__sort_max_int=\count133
\l__sort_true_max_int=\count134
\l__sort_block_int=\count135
\l__sort_begin_int=\count136
\l__sort_end_int=\count137
\l__sort_A_int=\count138
\l__sort_B_int=\count139
\l__sort_C_int=\count140
\l__str_internal_int=\count141
\l__tl_analysis_normal_int=\count142
\l__tl_analysis_index_int=\count143
\l__tl_analysis_nesting_int=\count144
\l__tl_analysis_type_int=\count145
\l__regex_internal_a_int=\count146
\l__regex_internal_b_int=\count147
\l__regex_internal_c_int=\count148
\l__regex_balance_int=\count149
\l__regex_group_level_int=\count150
\l__regex_mode_int=\count151
\c__regex_cs_in_class_mode_int=\count152
\c__regex_cs_mode_int=\count153
\l__regex_catcodes_int=\count154
\l__regex_default_catcodes_int=\count155
\c__regex_catcode_L_int=\count156
\c__regex_catcode_O_int=\count157
\c__regex_catcode_A_int=\count158
\c__regex_all_catcodes_int=\count159
\l__regex_show_lines_int=\count160
\l__regex_min_state_int=\count161
\l__regex_max_state_int=\count162
\l__regex_left_state_int=\count163
\l__regex_right_state_int=\count164
\l__regex_capturing_group_int=\count165
\l__regex_min_pos_int=\count166
\l__regex_max_pos_int=\count167
\l__regex_curr_pos_int=\count168
\l__regex_start_pos_int=\count169
\l__regex_success_pos_int=\count170
\l__regex_curr_char_int=\count171
\l__regex_curr_catcode_int=\count172
\l__regex_last_char_int=\count173
\l__regex_case_changed_char_int=\count174
\l__regex_curr_state_int=\count175
\l__regex_step_int=\count176
\l__regex_min_active_int=\count177
\l__regex_max_active_int=\count178
\l__regex_replacement_csnames_int=\count179
\l__regex_match_count_int=\count180
\l__regex_min_submatch_int=\count181
\l__regex_submatch_int=\count182
\l__regex_zeroth_submatch_int=\count183
\g__regex_trace_regex_int=\count184
\c_empty_box=\box29
\l_tmpa_box=\box30
\l_tmpb_box=\box31
\g_tmpa_box=\box32
\g_tmpb_box=\box33
\l__box_top_dim=\dimen119
\l__box_bottom_dim=\dimen120
\l__box_left_dim=\dimen121
\l__box_right_dim=\dimen122
\l__box_top_new_dim=\dimen123
\l__box_bottom_new_dim=\dimen124
\l__box_left_new_dim=\dimen125
\l__box_right_new_dim=\dimen126
\l__box_internal_box=\box34
\l__coffin_internal_box=\box35
\l__coffin_internal_dim=\dimen127
\l__coffin_offset_x_dim=\dimen128
\l__coffin_offset_y_dim=\dimen129
\l__coffin_x_dim=\dimen130
\l__coffin_y_dim=\dimen131
\l__coffin_x_prime_dim=\dimen132
\l__coffin_y_prime_dim=\dimen133
\c_empty_coffin=\box36
\l__coffin_aligned_coffin=\box37
\l__coffin_aligned_internal_coffin=\box38
\l_tmpa_coffin=\box39
\l_tmpb_coffin=\box40
\g_tmpa_coffin=\box41
\g_tmpb_coffin=\box42
\l__coffin_bounding_shift_dim=\dimen134
\l__coffin_left_corner_dim=\dimen135
\l__coffin_right_corner_dim=\dimen136
\l__coffin_bottom_corner_dim=\dimen137
\l__coffin_top_corner_dim=\dimen138
\l__coffin_scaled_total_height_dim=\dimen139
\l__coffin_scaled_width_dim=\dimen140
\c__coffin_empty_coffin=\box43
\l__coffin_display_coffin=\box44
\l__coffin_display_coord_coffin=\box45
\l__coffin_display_pole_coffin=\box46
\l__coffin_display_offset_dim=\dimen141
\l__coffin_display_x_dim=\dimen142
\l__coffin_display_y_dim=\dimen143
\g__char_data_ior=\read1

(c:/Users/15082/AppData/Roaming/TinyTeX/texmf-dist/tex/latex/l3kernel/l3depreca
tion.def
File: l3deprecation.def 2019-04-06 v L3 Deprecated functions
))
(c:/Users/15082/AppData/Roaming/TinyTeX/texmf-dist/tex/latex/l3backend/l3backen
d-xdvipdfmx.def
File: l3backend-xdvipdfmx.def 2019-04-06 L3 backend support: xdvipdfmx
\g__graphics_track_int=\count185
\l__pdf_internal_box=\box47
\g__pdf_backend_object_int=\count186
\g__pdf_backend_annotation_int=\count187
))
Package: xparse 2019-10-11 L3 Experimental document command parser
\l__xparse_current_arg_int=\count188
\g__xparse_grabber_int=\count189
\l__xparse_m_args_int=\count190
\l__xparse_v_nesting_int=\count191
)
Package: fontspec 2019/03/15 v2.7c Font selection for XeLaTeX and LuaLaTeX

(c:/Users/15082/AppData/Roaming/TinyTeX/texmf-dist/tex/latex/fontspec/fontspec-
xetex.sty
Package: fontspec-xetex 2019/03/15 v2.7c Font selection for XeLaTeX and LuaLaTe
X
\l__fontspec_script_int=\count192
\l__fontspec_language_int=\count193
\l__fontspec_strnum_int=\count194
\l__fontspec_tmp_int=\count195
\l__fontspec_tmpa_int=\count196
\l__fontspec_tmpb_int=\count197
\l__fontspec_tmpc_int=\count198
\l__fontspec_em_int=\count199
\l__fontspec_emdef_int=\count266
\l__fontspec_strong_int=\count267
\l__fontspec_strongdef_int=\count268
\l__fontspec_tmpa_dim=\dimen144
\l__fontspec_tmpb_dim=\dimen145
\l__fontspec_tmpc_dim=\dimen146
(c:/Users/15082/AppData/Roaming/TinyTeX/texmf-dist/tex/latex/base/fontenc.sty
Package: fontenc 2018/08/11 v2.0j Standard LaTeX package
(c:/Users/15082/AppData/Roaming/TinyTeX/texmf-dist/tex/latex/base/tuenc.def
File: tuenc.def 2018/08/11 v2.0j Standard LaTeX file
LaTeX Font Info:    Redeclaring font encoding TU on input line 82.
))
(c:/Users/15082/AppData/Roaming/TinyTeX/texmf-dist/tex/latex/fontspec/fontspec.
cfg)
LaTeX Info: Redefining \itshape on input line 4051.
LaTeX Info: Redefining \slshape on input line 4056.
LaTeX Info: Redefining \scshape on input line 4061.
LaTeX Info: Redefining \upshape on input line 4066.
LaTeX Info: Redefining \em on input line 4096.
LaTeX Info: Redefining \emph on input line 4121.
))
(c:/Users/15082/AppData/Roaming/TinyTeX/texmf-dist/tex/latex/xkeyval/xkeyval.st
y
Package: xkeyval 2014/12/03 v2.7a package option processing (HA)

(c:/Users/15082/AppData/Roaming/TinyTeX/texmf-dist/tex/generic/xkeyval/xkeyval.
tex
(c:/Users/15082/AppData/Roaming/TinyTeX/texmf-dist/tex/generic/xkeyval/xkvutils
.tex
\XKV@toks=\toks20
\XKV@tempa@toks=\toks21

(c:/Users/15082/AppData/Roaming/TinyTeX/texmf-dist/tex/generic/xkeyval/keyval.t
ex))
\XKV@depth=\count269
File: xkeyval.tex 2014/12/03 v2.7a key=value parser (HA)
))
\c@eu@=\count270
\c@eu@i=\count271
\c@mkern=\count272
)
(c:/Users/15082/AppData/Roaming/TinyTeX/texmf-dist/tex/latex/upquote/upquote.st
y
Package: upquote 2012/04/19 v1.3 upright-quote and grave-accent glyphs in verba
tim
(c:/Users/15082/AppData/Roaming/TinyTeX/texmf-dist/tex/latex/base/textcomp.sty
Package: textcomp 2018/08/11 v2.0j Standard LaTeX package
Package textcomp Info: Sub-encoding information:
(textcomp)               5 = only ISO-Adobe without \textcurrency
(textcomp)               4 = 5 + \texteuro
(textcomp)               3 = 4 + \textohm
(textcomp)               2 = 3 + \textestimated + \textcurrency
(textcomp)               1 = TS1 - \textcircled - \t
(textcomp)               0 = TS1 (full)
(textcomp)             Font families with sub-encoding setting implement
(textcomp)             only a restricted character set as indicated.
(textcomp)             Family '?' is the default used for unknown fonts.
(textcomp)             See the documentation for details.
Package textcomp Info: Setting ? sub-encoding to TS1/1 on input line 79.
(c:/Users/15082/AppData/Roaming/TinyTeX/texmf-dist/tex/latex/base/ts1enc.def
File: ts1enc.def 2001/06/05 v3.0e (jk/car/fm) Standard LaTeX file
)
LaTeX Info: Redefining \oldstylenums on input line 334.
Package textcomp Info: Setting cmr sub-encoding to TS1/0 on input line 349.
Package textcomp Info: Setting cmss sub-encoding to TS1/0 on input line 350.
Package textcomp Info: Setting cmtt sub-encoding to TS1/0 on input line 351.
Package textcomp Info: Setting cmvtt sub-encoding to TS1/0 on input line 352.
Package textcomp Info: Setting cmbr sub-encoding to TS1/0 on input line 353.
Package textcomp Info: Setting cmtl sub-encoding to TS1/0 on input line 354.
Package textcomp Info: Setting ccr sub-encoding to TS1/0 on input line 355.
Package textcomp Info: Setting ptm sub-encoding to TS1/4 on input line 356.
Package textcomp Info: Setting pcr sub-encoding to TS1/4 on input line 357.
Package textcomp Info: Setting phv sub-encoding to TS1/4 on input line 358.
Package textcomp Info: Setting ppl sub-encoding to TS1/3 on input line 359.
Package textcomp Info: Setting pag sub-encoding to TS1/4 on input line 360.
Package textcomp Info: Setting pbk sub-encoding to TS1/4 on input line 361.
Package textcomp Info: Setting pnc sub-encoding to TS1/4 on input line 362.
Package textcomp Info: Setting pzc sub-encoding to TS1/4 on input line 363.
Package textcomp Info: Setting bch sub-encoding to TS1/4 on input line 364.
Package textcomp Info: Setting put sub-encoding to TS1/5 on input line 365.
Package textcomp Info: Setting uag sub-encoding to TS1/5 on input line 366.
Package textcomp Info: Setting ugq sub-encoding to TS1/5 on input line 367.
Package textcomp Info: Setting ul8 sub-encoding to TS1/4 on input line 368.
Package textcomp Info: Setting ul9 sub-encoding to TS1/4 on input line 369.
Package textcomp Info: Setting augie sub-encoding to TS1/5 on input line 370.
Package textcomp Info: Setting dayrom sub-encoding to TS1/3 on input line 371.
Package textcomp Info: Setting dayroms sub-encoding to TS1/3 on input line 372.

Package textcomp Info: Setting pxr sub-encoding to TS1/0 on input line 373.
Package textcomp Info: Setting pxss sub-encoding to TS1/0 on input line 374.
Package textcomp Info: Setting pxtt sub-encoding to TS1/0 on input line 375.
Package textcomp Info: Setting txr sub-encoding to TS1/0 on input line 376.
Package textcomp Info: Setting txss sub-encoding to TS1/0 on input line 377.
Package textcomp Info: Setting txtt sub-encoding to TS1/0 on input line 378.
Package textcomp Info: Setting lmr sub-encoding to TS1/0 on input line 379.
Package textcomp Info: Setting lmdh sub-encoding to TS1/0 on input line 380.
Package textcomp Info: Setting lmss sub-encoding to TS1/0 on input line 381.
Package textcomp Info: Setting lmssq sub-encoding to TS1/0 on input line 382.
Package textcomp Info: Setting lmvtt sub-encoding to TS1/0 on input line 383.
Package textcomp Info: Setting lmtt sub-encoding to TS1/0 on input line 384.
Package textcomp Info: Setting qhv sub-encoding to TS1/0 on input line 385.
Package textcomp Info: Setting qag sub-encoding to TS1/0 on input line 386.
Package textcomp Info: Setting qbk sub-encoding to TS1/0 on input line 387.
Package textcomp Info: Setting qcr sub-encoding to TS1/0 on input line 388.
Package textcomp Info: Setting qcs sub-encoding to TS1/0 on input line 389.
Package textcomp Info: Setting qpl sub-encoding to TS1/0 on input line 390.
Package textcomp Info: Setting qtm sub-encoding to TS1/0 on input line 391.
Package textcomp Info: Setting qzc sub-encoding to TS1/0 on input line 392.
Package textcomp Info: Setting qhvc sub-encoding to TS1/0 on input line 393.
Package textcomp Info: Setting futs sub-encoding to TS1/4 on input line 394.
Package textcomp Info: Setting futx sub-encoding to TS1/4 on input line 395.
Package textcomp Info: Setting futj sub-encoding to TS1/4 on input line 396.
Package textcomp Info: Setting hlh sub-encoding to TS1/3 on input line 397.
Package textcomp Info: Setting hls sub-encoding to TS1/3 on input line 398.
Package textcomp Info: Setting hlst sub-encoding to TS1/3 on input line 399.
Package textcomp Info: Setting hlct sub-encoding to TS1/5 on input line 400.
Package textcomp Info: Setting hlx sub-encoding to TS1/5 on input line 401.
Package textcomp Info: Setting hlce sub-encoding to TS1/5 on input line 402.
Package textcomp Info: Setting hlcn sub-encoding to TS1/5 on input line 403.
Package textcomp Info: Setting hlcw sub-encoding to TS1/5 on input line 404.
Package textcomp Info: Setting hlcf sub-encoding to TS1/5 on input line 405.
Package textcomp Info: Setting pplx sub-encoding to TS1/3 on input line 406.
Package textcomp Info: Setting pplj sub-encoding to TS1/3 on input line 407.
Package textcomp Info: Setting ptmx sub-encoding to TS1/4 on input line 408.
Package textcomp Info: Setting ptmj sub-encoding to TS1/4 on input line 409.
))
(c:/Users/15082/AppData/Roaming/TinyTeX/texmf-dist/tex/latex/geometry/geometry.
sty
Package: geometry 2018/04/16 v5.8 Page Geometry

(c:/Users/15082/AppData/Roaming/TinyTeX/texmf-dist/tex/generic/oberdiek/ifpdf.s
ty
Package: ifpdf 2018/09/07 v3.3 Provides the ifpdf switch
)
(c:/Users/15082/AppData/Roaming/TinyTeX/texmf-dist/tex/generic/oberdiek/ifvtex.
sty
Package: ifvtex 2016/05/16 v1.6 Detect VTeX and its facilities (HO)
Package ifvtex Info: VTeX not detected.
)
\Gm@cnth=\count273
\Gm@cntv=\count274
\c@Gm@tempcnt=\count275
\Gm@bindingoffset=\dimen147
\Gm@wd@mp=\dimen148
\Gm@odd@mp=\dimen149
\Gm@even@mp=\dimen150
\Gm@layoutwidth=\dimen151
\Gm@layoutheight=\dimen152
\Gm@layouthoffset=\dimen153
\Gm@layoutvoffset=\dimen154
\Gm@dimlist=\toks22
)
(c:/Users/15082/AppData/Roaming/TinyTeX/texmf-dist/tex/latex/hyperref/hyperref.
sty
Package: hyperref 2019/09/28 v7.00a Hypertext links for LaTeX

(c:/Users/15082/AppData/Roaming/TinyTeX/texmf-dist/tex/generic/oberdiek/hobsub-
hyperref.sty
Package: hobsub-hyperref 2016/05/16 v1.14 Bundle oberdiek, subset hyperref (HO)


(c:/Users/15082/AppData/Roaming/TinyTeX/texmf-dist/tex/generic/oberdiek/hobsub-
generic.sty
Package: hobsub-generic 2016/05/16 v1.14 Bundle oberdiek, subset generic (HO)
Package: hobsub 2016/05/16 v1.14 Construct package bundles (HO)
Package: infwarerr 2016/05/16 v1.4 Providing info/warning/error messages (HO)
Package: ltxcmds 2016/05/16 v1.23 LaTeX kernel commands for general use (HO)
Package hobsub Info: Skipping package `ifluatex' (already loaded).
Package hobsub Info: Skipping package `ifvtex' (already loaded).
Package: intcalc 2016/05/16 v1.2 Expandable calculations with integers (HO)
Package hobsub Info: Skipping package `ifpdf' (already loaded).
Package: etexcmds 2016/05/16 v1.6 Avoid name clashes with e-TeX commands (HO)
Package: kvsetkeys 2016/05/16 v1.17 Key value parser (HO)
Package: kvdefinekeys 2016/05/16 v1.4 Define keys (HO)
Package: pdftexcmds 2019/07/25 v0.30 Utility functions of pdfTeX for LuaTeX (HO
)
Package pdftexcmds Info: LuaTeX not detected.
Package pdftexcmds Info: pdfTeX >= 1.30 not detected.
Package pdftexcmds Info: \pdf@primitive is available.
Package pdftexcmds Info: \pdf@ifprimitive is available.
Package pdftexcmds Info: \pdfdraftmode not found.
Package: pdfescape 2016/05/16 v1.14 Implements pdfTeX's escape features (HO)
Package: bigintcalc 2016/05/16 v1.4 Expandable calculations on big integers (HO
)
Package: bitset 2016/05/16 v1.2 Handle bit-vector datatype (HO)
Package: uniquecounter 2016/05/16 v1.3 Provide unlimited unique counter (HO)
)
Package hobsub Info: Skipping package `hobsub' (already loaded).
Package: letltxmacro 2016/05/16 v1.5 Let assignment for LaTeX macros (HO)
Package: hopatch 2016/05/16 v1.3 Wrapper for package hooks (HO)
Package: xcolor-patch 2016/05/16 xcolor patch
Package: atveryend 2016/05/16 v1.9 Hooks at the very end of document (HO)
Package: atbegshi 2016/06/09 v1.18 At begin shipout hook (HO)
Package: refcount 2016/05/16 v3.5 Data extraction from label references (HO)
Package: hycolor 2016/05/16 v1.8 Color options for hyperref/bookmark (HO)
)
(c:/Users/15082/AppData/Roaming/TinyTeX/texmf-dist/tex/latex/oberdiek/auxhook.s
ty
Package: auxhook 2016/05/16 v1.4 Hooks for auxiliary files (HO)
)
(c:/Users/15082/AppData/Roaming/TinyTeX/texmf-dist/tex/latex/oberdiek/kvoptions
.sty
Package: kvoptions 2016/05/16 v3.12 Key value format for package options (HO)
)
\@linkdim=\dimen155
\Hy@linkcounter=\count276
\Hy@pagecounter=\count277

(c:/Users/15082/AppData/Roaming/TinyTeX/texmf-dist/tex/latex/hyperref/pd1enc.de
f
File: pd1enc.def 2019/09/28 v7.00a Hyperref: PDFDocEncoding definition (HO)
)
\Hy@SavedSpaceFactor=\count278

(c:/Users/15082/AppData/Roaming/TinyTeX/texmf-dist/tex/latex/latexconfig/hyperr
ef.cfg
File: hyperref.cfg 2002/06/06 v1.2 hyperref configuration of TeXLive
)
Package hyperref Info: Hyper figures OFF on input line 4540.
Package hyperref Info: Link nesting OFF on input line 4545.
Package hyperref Info: Hyper index ON on input line 4548.
Package hyperref Info: Plain pages OFF on input line 4555.
Package hyperref Info: Backreferencing OFF on input line 4560.
Package hyperref Info: Implicit mode ON; LaTeX internals redefined.
Package hyperref Info: Bookmarks ON on input line 4793.
\c@Hy@tempcnt=\count279
(c:/Users/15082/AppData/Roaming/TinyTeX/texmf-dist/tex/latex/url/url.sty
\Urlmuskip=\muskip17
Package: url 2013/09/16  ver 3.4  Verb mode for urls, etc.
)
LaTeX Info: Redefining \url on input line 5152.
\XeTeXLinkMargin=\dimen156
\Fld@menulength=\count280
\Field@Width=\dimen157
\Fld@charsize=\dimen158
Package hyperref Info: Hyper figures OFF on input line 6423.
Package hyperref Info: Link nesting OFF on input line 6428.
Package hyperref Info: Hyper index ON on input line 6431.
Package hyperref Info: backreferencing OFF on input line 6438.
Package hyperref Info: Link coloring OFF on input line 6443.
Package hyperref Info: Link coloring with OCG OFF on input line 6448.
Package hyperref Info: PDF/A mode OFF on input line 6453.
LaTeX Info: Redefining \ref on input line 6493.
LaTeX Info: Redefining \pageref on input line 6497.
\Hy@abspage=\count281
\c@Item=\count282
\c@Hfootnote=\count283
)
Package hyperref Info: Driver (autodetected): hxetex.

(c:/Users/15082/AppData/Roaming/TinyTeX/texmf-dist/tex/latex/hyperref/hxetex.de
f
File: hxetex.def 2019/09/28 v7.00a Hyperref driver for XeTeX

(c:/Users/15082/AppData/Roaming/TinyTeX/texmf-dist/tex/latex/hyperref/puenc.def
File: puenc.def 2019/09/28 v7.00a Hyperref: PDF Unicode definition (HO)
)
(c:/Users/15082/AppData/Roaming/TinyTeX/texmf-dist/tex/generic/oberdiek/stringe
nc.sty
Package: stringenc 2016/05/16 v1.11 Convert strings between diff. encodings (HO
)
)
\pdfm@box=\box48
\c@Hy@AnnotLevel=\count284
\HyField@AnnotCount=\count285
\Fld@listcount=\count286
\c@bookmark@seq@number=\count287

(c:/Users/15082/AppData/Roaming/TinyTeX/texmf-dist/tex/latex/oberdiek/rerunfile
check.sty
Package: rerunfilecheck 2016/05/16 v1.8 Rerun checks for auxiliary files (HO)
Package uniquecounter Info: New unique counter `rerunfilecheck' on input line 2
82.
)
\Hy@SectionHShift=\skip52
)
Package hyperref Info: Option `unicode' set `true' on input line 30.

(c:/Users/15082/AppData/Roaming/TinyTeX/texmf-dist/tex/generic/oberdiek/se-asci
i-print.def
File: se-ascii-print.def 2016/05/16 v1.11 stringenc: Printable ASCII characters

)
Package hyperref Info: Option `breaklinks' set `true' on input line 30.
(c:/Users/15082/AppData/Roaming/TinyTeX/texmf-dist/tex/latex/natbib/natbib.sty
Package: natbib 2010/09/13 8.31b (PWD, AO)
\bibhang=\skip53
\bibsep=\skip54
LaTeX Info: Redefining \cite on input line 694.
\c@NAT@ctr=\count288
)
(c:/Users/15082/AppData/Roaming/TinyTeX/texmf-dist/tex/latex/graphics/color.sty
Package: color 2016/07/10 v1.1e Standard LaTeX Color (DPC)

(c:/Users/15082/AppData/Roaming/TinyTeX/texmf-dist/tex/latex/graphics-cfg/color
.cfg
File: color.cfg 2016/01/02 v1.6 sample color configuration
)
Package color Info: Driver file: xetex.def on input line 147.

(c:/Users/15082/AppData/Roaming/TinyTeX/texmf-dist/tex/latex/graphics-def/xetex
.def
File: xetex.def 2017/06/24 v5.0h Graphics/color driver for xetex
))
(c:/Users/15082/AppData/Roaming/TinyTeX/texmf-dist/tex/latex/fancyvrb/fancyvrb.
sty
Package: fancyvrb 2019/01/15
Style option: `fancyvrb' v3.2a <2019/01/15> (tvz)
\FV@CodeLineNo=\count289
\FV@InFile=\read2
\FV@TabBox=\box49
\c@FancyVerbLine=\count290
\FV@StepNumber=\count291
\FV@OutFile=\write3
) (c:/Users/15082/AppData/Roaming/TinyTeX/texmf-dist/tex/latex/framed/framed.st
y
Package: framed 2011/10/22 v 0.96: framed or shaded text with page breaks
\OuterFrameSep=\skip55
\fb@frw=\dimen159
\fb@frh=\dimen160
\FrameRule=\dimen161
\FrameSep=\dimen162
)
(c:/Users/15082/AppData/Roaming/TinyTeX/texmf-dist/tex/latex/tools/longtable.st
y
Package: longtable 2019/02/06 v4.12 Multi-page Table package (DPC)
\LTleft=\skip56
\LTright=\skip57
\LTpre=\skip58
\LTpost=\skip59
\LTchunksize=\count292
\LTcapwidth=\dimen163
\LT@head=\box50
\LT@firsthead=\box51
\LT@foot=\box52
\LT@lastfoot=\box53
\LT@cols=\count293
\LT@rows=\count294
\c@LT@tables=\count295
\c@LT@chunks=\count296
\LT@p@ftn=\toks23
)
(c:/Users/15082/AppData/Roaming/TinyTeX/texmf-dist/tex/latex/booktabs/booktabs.
sty
Package: booktabs 2019/10/08 v1.6180339 publication quality tables
\heavyrulewidth=\dimen164
\lightrulewidth=\dimen165
\cmidrulewidth=\dimen166
\belowrulesep=\dimen167
\belowbottomsep=\dimen168
\aboverulesep=\dimen169
\abovetopsep=\dimen170
\cmidrulesep=\dimen171
\cmidrulekern=\dimen172
\defaultaddspace=\dimen173
\@cmidla=\count297
\@cmidlb=\count298
\@aboverulesep=\dimen174
\@belowrulesep=\dimen175
\@thisruleclass=\count299
\@lastruleclass=\count300
\@thisrulewidth=\dimen176
)
(c:/Users/15082/AppData/Roaming/TinyTeX/texmf-dist/tex/latex/graphics/graphicx.
sty
Package: graphicx 2017/06/01 v1.1a Enhanced LaTeX Graphics (DPC,SPQR)

(c:/Users/15082/AppData/Roaming/TinyTeX/texmf-dist/tex/latex/graphics/graphics.
sty
Package: graphics 2019/10/08 v1.3c Standard LaTeX Graphics (DPC,SPQR)
(c:/Users/15082/AppData/Roaming/TinyTeX/texmf-dist/tex/latex/graphics/trig.sty
Package: trig 2016/01/03 v1.10 sin cos tan (DPC)
)
(c:/Users/15082/AppData/Roaming/TinyTeX/texmf-dist/tex/latex/graphics-cfg/graph
ics.cfg
File: graphics.cfg 2016/06/04 v1.11 sample graphics configuration
)
Package graphics Info: Driver file: xetex.def on input line 105.
)
\Gin@req@height=\dimen177
\Gin@req@width=\dimen178
)
(c:/Users/15082/AppData/Roaming/TinyTeX/texmf-dist/tex/latex/oberdiek/grffile.s
ty
Package: grffile 2017/06/30 v1.18 Extended file name support for graphics (HO)
Package grffile Info: Option `multidot' is set to `true'.
Package grffile Info: Option `extendedchars' is set to `false'.
Package grffile Info: Option `space' is set to `true'.
Package grffile Info: \Gin@ii of package `graphicx' fixed on input line 494.
)
(c:/Users/15082/AppData/Roaming/TinyTeX/texmf-dist/tex/latex/titling/titling.st
y
Package: titling 2009/09/04 v2.1d maketitle typesetting
\thanksmarkwidth=\skip60
\thanksmargin=\skip61
\droptitle=\skip62
) (c:/Users/15082/AppData/Roaming/TinyTeX/texmf-dist/tex/latex/xcolor/xcolor.st
y
Package: xcolor 2016/05/11 v2.12 LaTeX color extensions (UK)

(c:/Users/15082/AppData/Roaming/TinyTeX/texmf-dist/tex/latex/graphics-cfg/color
.cfg
File: color.cfg 2016/01/02 v1.6 sample color configuration
)
Package xcolor Info: Driver file: xetex.def on input line 225.

(c:/Users/15082/AppData/Roaming/TinyTeX/texmf-dist/tex/latex/colortbl/colortbl.
sty
Package: colortbl 2018/12/12 v1.0d Color table columns (DPC)
(c:/Users/15082/AppData/Roaming/TinyTeX/texmf-dist/tex/latex/tools/array.sty
Package: array 2019/08/31 v2.4l Tabular extension package (FMi)
\col@sep=\dimen179
\ar@mcellbox=\box54
\extrarowheight=\dimen180
\NC@list=\toks24
\extratabsurround=\skip63
\backup@length=\skip64
\ar@cellbox=\box55
)
\everycr=\toks25
\minrowclearance=\skip65
)
LaTeX Info: Redefining \color on input line 709.
\rownum=\count301
Package xcolor Info: Model `cmy' substituted by `cmy0' on input line 1348.
Package xcolor Info: Model `RGB' extended on input line 1364.
Package xcolor Info: Model `HTML' substituted by `rgb' on input line 1366.
Package xcolor Info: Model `Hsb' substituted by `hsb' on input line 1367.
Package xcolor Info: Model `tHsb' substituted by `hsb' on input line 1368.
Package xcolor Info: Model `HSB' substituted by `hsb' on input line 1369.
Package xcolor Info: Model `Gray' substituted by `gray' on input line 1370.
Package xcolor Info: Model `wave' substituted by `hsb' on input line 1371.
)

Package fontspec Info: Arial scale = 0.8311558380414313.


Package fontspec Info: Arial scale = 0.8311558380414313.


Package fontspec Info: Arial scale = 0.8311558380414313.


Package fontspec Info: Arial/B scale = 0.8311558380414313.


Package fontspec Info: Arial/B scale = 0.8311558380414313.


Package fontspec Info: Arial/I scale = 0.8311558380414313.


Package fontspec Info: Arial/I scale = 0.8311558380414313.


Package fontspec Info: Arial/BI scale = 0.8311558380414313.


Package fontspec Info: Arial/BI scale = 0.8311558380414313.


Package fontspec Info: Font family 'Arial(0)' created for font 'Arial' with
(fontspec)             options
(fontspec)             [Ligatures=TeX,Scale=MatchLowercase,Ligatures=TeX].
(fontspec)              
(fontspec)              This font family consists of the following NFSS
(fontspec)             series/shapes:
(fontspec)              
(fontspec)             - 'normal' (m/n) with NFSS spec.:
(fontspec)             <->s*[0.8311558380414313]"Arial/OT:script=latn;language=
DFLT;mapping=tex-text;"
(fontspec)             - 'small caps'  (m/sc) with NFSS spec.:
(fontspec)             <->s*[0.8311558380414313]"Arial/OT:script=latn;language=
DFLT;+smcp;mapping=tex-text;"
(fontspec)             - 'bold' (bx/n) with NFSS spec.:
(fontspec)             <->s*[0.8311558380414313]"Arial/B/OT:script=latn;languag
e=DFLT;mapping=tex-text;"
(fontspec)             - 'bold small caps'  (bx/sc) with NFSS spec.:
(fontspec)             <->s*[0.8311558380414313]"Arial/B/OT:script=latn;languag
e=DFLT;+smcp;mapping=tex-text;"
(fontspec)             - 'italic' (m/it) with NFSS spec.:
(fontspec)             <->s*[0.8311558380414313]"Arial/I/OT:script=latn;languag
e=DFLT;mapping=tex-text;"
(fontspec)             - 'italic small caps'  (m/itsc) with NFSS spec.:
(fontspec)             <->s*[0.8311558380414313]"Arial/I/OT:script=latn;languag
e=DFLT;+smcp;mapping=tex-text;"
(fontspec)             - 'bold italic' (bx/it) with NFSS spec.:
(fontspec)             <->s*[0.8311558380414313]"Arial/BI/OT:script=latn;langua
ge=DFLT;mapping=tex-text;"
(fontspec)             - 'bold italic small caps'  (bx/itsc) with NFSS spec.:
(fontspec)             <->s*[0.8311558380414313]"Arial/BI/OT:script=latn;langua
ge=DFLT;+smcp;mapping=tex-text;"

LaTeX Info: Redefining \rmfamily on input line 132.
LaTeX Font Info:    Font shape `TU/Arial(0)/m/n' will be
(Font)              scaled to size 8.31161pt on input line 132.

(c:/Users/15082/AppData/Roaming/TinyTeX/texmf-dist/tex/latex/titlesec/titlesec.
sty
Package: titlesec 2019/09/09 v2.12 Sectioning titles
\ttl@box=\box56
\beforetitleunit=\skip66
\aftertitleunit=\skip67
\ttl@plus=\dimen181
\ttl@minus=\dimen182
\ttl@toksa=\toks26
\titlewidth=\dimen183
\titlewidthlast=\dimen184
\titlewidthfirst=\dimen185
)
(c:/Users/15082/AppData/Roaming/TinyTeX/texmf-dist/tex/latex/tcolorbox/tcolorbo
x.sty
Package: tcolorbox 2019/09/19 version 4.21 text color boxes

(c:/Users/15082/AppData/Roaming/TinyTeX/texmf-dist/tex/latex/pgf/basiclayer/pgf
.sty
(c:/Users/15082/AppData/Roaming/TinyTeX/texmf-dist/tex/latex/pgf/utilities/pgfr
cs.sty
(c:/Users/15082/AppData/Roaming/TinyTeX/texmf-dist/tex/generic/pgf/utilities/pg
futil-common.tex
\pgfutil@everybye=\toks27
\pgfutil@tempdima=\dimen186
\pgfutil@tempdimb=\dimen187

(c:/Users/15082/AppData/Roaming/TinyTeX/texmf-dist/tex/generic/pgf/utilities/pg
futil-common-lists.tex))
(c:/Users/15082/AppData/Roaming/TinyTeX/texmf-dist/tex/generic/pgf/utilities/pg
futil-latex.def
\pgfutil@abb=\box57
(c:/Users/15082/AppData/Roaming/TinyTeX/texmf-dist/tex/latex/ms/everyshi.sty
Package: everyshi 2001/05/15 v3.00 EveryShipout Package (MS)
))
(c:/Users/15082/AppData/Roaming/TinyTeX/texmf-dist/tex/generic/pgf/utilities/pg
frcs.code.tex
(c:/Users/15082/AppData/Roaming/TinyTeX/texmf-dist/tex/generic/pgf/pgf.revision
.tex)
Package: pgfrcs 2019/08/03 v3.1.4b (3.1.4b)
))
Package: pgf 2019/08/03 v3.1.4b (3.1.4b)

(c:/Users/15082/AppData/Roaming/TinyTeX/texmf-dist/tex/latex/pgf/basiclayer/pgf
core.sty
(c:/Users/15082/AppData/Roaming/TinyTeX/texmf-dist/tex/latex/pgf/systemlayer/pg
fsys.sty
(c:/Users/15082/AppData/Roaming/TinyTeX/texmf-dist/tex/generic/pgf/systemlayer/
pgfsys.code.tex
Package: pgfsys 2019/08/03 v3.1.4b (3.1.4b)

(c:/Users/15082/AppData/Roaming/TinyTeX/texmf-dist/tex/generic/pgf/utilities/pg
fkeys.code.tex
\pgfkeys@pathtoks=\toks28
\pgfkeys@temptoks=\toks29

(c:/Users/15082/AppData/Roaming/TinyTeX/texmf-dist/tex/generic/pgf/utilities/pg
fkeysfiltered.code.tex
\pgfkeys@tmptoks=\toks30
))
\pgf@x=\dimen188
\pgf@y=\dimen189
\pgf@xa=\dimen190
\pgf@ya=\dimen191
\pgf@xb=\dimen192
\pgf@yb=\dimen193
\pgf@xc=\dimen194
\pgf@yc=\dimen195
\pgf@xd=\dimen196
\pgf@yd=\dimen197
\w@pgf@writea=\write4
\r@pgf@reada=\read3
\c@pgf@counta=\count302
\c@pgf@countb=\count303
\c@pgf@countc=\count304
\c@pgf@countd=\count305
\t@pgf@toka=\toks31
\t@pgf@tokb=\toks32
\t@pgf@tokc=\toks33
\pgf@sys@id@count=\count306

(c:/Users/15082/AppData/Roaming/TinyTeX/texmf-dist/tex/generic/pgf/systemlayer/
pgf.cfg
File: pgf.cfg 2019/08/03 v3.1.4b (3.1.4b)
)
Driver file for pgf: pgfsys-xetex.def

(c:/Users/15082/AppData/Roaming/TinyTeX/texmf-dist/tex/generic/pgf/systemlayer/
pgfsys-xetex.def
File: pgfsys-xetex.def 2019/08/03 v3.1.4b (3.1.4b)

(c:/Users/15082/AppData/Roaming/TinyTeX/texmf-dist/tex/generic/pgf/systemlayer/
pgfsys-dvipdfmx.def
File: pgfsys-dvipdfmx.def 2019/08/03 v3.1.4b (3.1.4b)

(c:/Users/15082/AppData/Roaming/TinyTeX/texmf-dist/tex/generic/pgf/systemlayer/
pgfsys-common-pdf.def
File: pgfsys-common-pdf.def 2019/08/03 v3.1.4b (3.1.4b)
)
\pgfsys@objnum=\count307
)))
(c:/Users/15082/AppData/Roaming/TinyTeX/texmf-dist/tex/generic/pgf/systemlayer/
pgfsyssoftpath.code.tex
File: pgfsyssoftpath.code.tex 2019/08/03 v3.1.4b (3.1.4b)
\pgfsyssoftpath@smallbuffer@items=\count308
\pgfsyssoftpath@bigbuffer@items=\count309
)
(c:/Users/15082/AppData/Roaming/TinyTeX/texmf-dist/tex/generic/pgf/systemlayer/
pgfsysprotocol.code.tex
File: pgfsysprotocol.code.tex 2019/08/03 v3.1.4b (3.1.4b)
))
(c:/Users/15082/AppData/Roaming/TinyTeX/texmf-dist/tex/generic/pgf/basiclayer/p
gfcore.code.tex
Package: pgfcore 2019/08/03 v3.1.4b (3.1.4b)

(c:/Users/15082/AppData/Roaming/TinyTeX/texmf-dist/tex/generic/pgf/math/pgfmath
.code.tex
(c:/Users/15082/AppData/Roaming/TinyTeX/texmf-dist/tex/generic/pgf/math/pgfmath
calc.code.tex
(c:/Users/15082/AppData/Roaming/TinyTeX/texmf-dist/tex/generic/pgf/math/pgfmath
util.code.tex)
(c:/Users/15082/AppData/Roaming/TinyTeX/texmf-dist/tex/generic/pgf/math/pgfmath
parser.code.tex
\pgfmath@dimen=\dimen198
\pgfmath@count=\count310
\pgfmath@box=\box58
\pgfmath@toks=\toks34
\pgfmath@stack@operand=\toks35
\pgfmath@stack@operation=\toks36
)
(c:/Users/15082/AppData/Roaming/TinyTeX/texmf-dist/tex/generic/pgf/math/pgfmath
functions.code.tex
(c:/Users/15082/AppData/Roaming/TinyTeX/texmf-dist/tex/generic/pgf/math/pgfmath
functions.basic.code.tex)
(c:/Users/15082/AppData/Roaming/TinyTeX/texmf-dist/tex/generic/pgf/math/pgfmath
functions.trigonometric.code.tex)
(c:/Users/15082/AppData/Roaming/TinyTeX/texmf-dist/tex/generic/pgf/math/pgfmath
functions.random.code.tex)
(c:/Users/15082/AppData/Roaming/TinyTeX/texmf-dist/tex/generic/pgf/math/pgfmath
functions.comparison.code.tex)
(c:/Users/15082/AppData/Roaming/TinyTeX/texmf-dist/tex/generic/pgf/math/pgfmath
functions.base.code.tex)
(c:/Users/15082/AppData/Roaming/TinyTeX/texmf-dist/tex/generic/pgf/math/pgfmath
functions.round.code.tex)
(c:/Users/15082/AppData/Roaming/TinyTeX/texmf-dist/tex/generic/pgf/math/pgfmath
functions.misc.code.tex)
(c:/Users/15082/AppData/Roaming/TinyTeX/texmf-dist/tex/generic/pgf/math/pgfmath
functions.integerarithmetics.code.tex)))
(c:/Users/15082/AppData/Roaming/TinyTeX/texmf-dist/tex/generic/pgf/math/pgfmath
float.code.tex
\c@pgfmathroundto@lastzeros=\count311
))
(c:/Users/15082/AppData/Roaming/TinyTeX/texmf-dist/tex/generic/pgf/math/pgfint.
code.tex)
(c:/Users/15082/AppData/Roaming/TinyTeX/texmf-dist/tex/generic/pgf/basiclayer/p
gfcorepoints.code.tex
File: pgfcorepoints.code.tex 2019/08/03 v3.1.4b (3.1.4b)
\pgf@picminx=\dimen199
\pgf@picmaxx=\dimen256
\pgf@picminy=\dimen257
\pgf@picmaxy=\dimen258
\pgf@pathminx=\dimen259
\pgf@pathmaxx=\dimen260
\pgf@pathminy=\dimen261
\pgf@pathmaxy=\dimen262
\pgf@xx=\dimen263
\pgf@xy=\dimen264
\pgf@yx=\dimen265
\pgf@yy=\dimen266
\pgf@zx=\dimen267
\pgf@zy=\dimen268
)
(c:/Users/15082/AppData/Roaming/TinyTeX/texmf-dist/tex/generic/pgf/basiclayer/p
gfcorepathconstruct.code.tex
File: pgfcorepathconstruct.code.tex 2019/08/03 v3.1.4b (3.1.4b)
\pgf@path@lastx=\dimen269
\pgf@path@lasty=\dimen270
)
(c:/Users/15082/AppData/Roaming/TinyTeX/texmf-dist/tex/generic/pgf/basiclayer/p
gfcorepathusage.code.tex
File: pgfcorepathusage.code.tex 2019/08/03 v3.1.4b (3.1.4b)
\pgf@shorten@end@additional=\dimen271
\pgf@shorten@start@additional=\dimen272
)
(c:/Users/15082/AppData/Roaming/TinyTeX/texmf-dist/tex/generic/pgf/basiclayer/p
gfcorescopes.code.tex
File: pgfcorescopes.code.tex 2019/08/03 v3.1.4b (3.1.4b)
\pgfpic=\box59
\pgf@hbox=\box60
\pgf@layerbox@main=\box61
\pgf@picture@serial@count=\count312
)
(c:/Users/15082/AppData/Roaming/TinyTeX/texmf-dist/tex/generic/pgf/basiclayer/p
gfcoregraphicstate.code.tex
File: pgfcoregraphicstate.code.tex 2019/08/03 v3.1.4b (3.1.4b)
\pgflinewidth=\dimen273
)
(c:/Users/15082/AppData/Roaming/TinyTeX/texmf-dist/tex/generic/pgf/basiclayer/p
gfcoretransformations.code.tex
File: pgfcoretransformations.code.tex 2019/08/03 v3.1.4b (3.1.4b)
\pgf@pt@x=\dimen274
\pgf@pt@y=\dimen275
\pgf@pt@temp=\dimen276
)
(c:/Users/15082/AppData/Roaming/TinyTeX/texmf-dist/tex/generic/pgf/basiclayer/p
gfcorequick.code.tex
File: pgfcorequick.code.tex 2019/08/03 v3.1.4b (3.1.4b)
)
(c:/Users/15082/AppData/Roaming/TinyTeX/texmf-dist/tex/generic/pgf/basiclayer/p
gfcoreobjects.code.tex
File: pgfcoreobjects.code.tex 2019/08/03 v3.1.4b (3.1.4b)
)
(c:/Users/15082/AppData/Roaming/TinyTeX/texmf-dist/tex/generic/pgf/basiclayer/p
gfcorepathprocessing.code.tex
File: pgfcorepathprocessing.code.tex 2019/08/03 v3.1.4b (3.1.4b)
)
(c:/Users/15082/AppData/Roaming/TinyTeX/texmf-dist/tex/generic/pgf/basiclayer/p
gfcorearrows.code.tex
File: pgfcorearrows.code.tex 2019/08/03 v3.1.4b (3.1.4b)
\pgfarrowsep=\dimen277
)
(c:/Users/15082/AppData/Roaming/TinyTeX/texmf-dist/tex/generic/pgf/basiclayer/p
gfcoreshade.code.tex
File: pgfcoreshade.code.tex 2019/08/03 v3.1.4b (3.1.4b)
\pgf@max=\dimen278
\pgf@sys@shading@range@num=\count313
\pgf@shadingcount=\count314
)
(c:/Users/15082/AppData/Roaming/TinyTeX/texmf-dist/tex/generic/pgf/basiclayer/p
gfcoreimage.code.tex
File: pgfcoreimage.code.tex 2019/08/03 v3.1.4b (3.1.4b)

(c:/Users/15082/AppData/Roaming/TinyTeX/texmf-dist/tex/generic/pgf/basiclayer/p
gfcoreexternal.code.tex
File: pgfcoreexternal.code.tex 2019/08/03 v3.1.4b (3.1.4b)
\pgfexternal@startupbox=\box62
))
(c:/Users/15082/AppData/Roaming/TinyTeX/texmf-dist/tex/generic/pgf/basiclayer/p
gfcorelayers.code.tex
File: pgfcorelayers.code.tex 2019/08/03 v3.1.4b (3.1.4b)
)
(c:/Users/15082/AppData/Roaming/TinyTeX/texmf-dist/tex/generic/pgf/basiclayer/p
gfcoretransparency.code.tex
File: pgfcoretransparency.code.tex 2019/08/03 v3.1.4b (3.1.4b)
)
(c:/Users/15082/AppData/Roaming/TinyTeX/texmf-dist/tex/generic/pgf/basiclayer/p
gfcorepatterns.code.tex
File: pgfcorepatterns.code.tex 2019/08/03 v3.1.4b (3.1.4b)
)
(c:/Users/15082/AppData/Roaming/TinyTeX/texmf-dist/tex/generic/pgf/basiclayer/p
gfcorerdf.code.tex
File: pgfcorerdf.code.tex 2019/08/03 v3.1.4b (3.1.4b)
)))
(c:/Users/15082/AppData/Roaming/TinyTeX/texmf-dist/tex/generic/pgf/modules/pgfm
oduleshapes.code.tex
File: pgfmoduleshapes.code.tex 2019/08/03 v3.1.4b (3.1.4b)
\pgfnodeparttextbox=\box63
)
(c:/Users/15082/AppData/Roaming/TinyTeX/texmf-dist/tex/generic/pgf/modules/pgfm
oduleplot.code.tex
File: pgfmoduleplot.code.tex 2019/08/03 v3.1.4b (3.1.4b)
)
(c:/Users/15082/AppData/Roaming/TinyTeX/texmf-dist/tex/latex/pgf/compatibility/
pgfcomp-version-0-65.sty
Package: pgfcomp-version-0-65 2019/08/03 v3.1.4b (3.1.4b)
\pgf@nodesepstart=\dimen279
\pgf@nodesepend=\dimen280
)
(c:/Users/15082/AppData/Roaming/TinyTeX/texmf-dist/tex/latex/pgf/compatibility/
pgfcomp-version-1-18.sty
Package: pgfcomp-version-1-18 2019/08/03 v3.1.4b (3.1.4b)
))
(c:/Users/15082/AppData/Roaming/TinyTeX/texmf-dist/tex/latex/tools/verbatim.sty
Package: verbatim 2014/10/28 v1.5q LaTeX2e package for verbatim enhancements
\every@verbatim=\toks37
\verbatim@line=\toks38
\verbatim@in@stream=\read4
)
(c:/Users/15082/AppData/Roaming/TinyTeX/texmf-dist/tex/latex/environ/environ.st
y
Package: environ 2014/05/04 v0.3 A new way to define environments

(c:/Users/15082/AppData/Roaming/TinyTeX/texmf-dist/tex/latex/trimspaces/trimspa
ces.sty
Package: trimspaces 2009/09/17 v1.1 Trim spaces around a token list
))
\tcb@titlebox=\box64
\tcb@upperbox=\box65
\tcb@lowerbox=\box66
\tcb@phantombox=\box67
\c@tcbbreakpart=\count315
\c@tcblayer=\count316
\tcolorbox@number=\count317
\tcb@temp=\box68
\tcb@temp=\box69
\tcb@temp=\box70
\tcb@temp=\box71
\tcb@out=\write5
\tcb@record@out=\write6
) (c:/Users/15082/AppData/Roaming/TinyTeX/texmf-dist/tex/latex/tabu/tabu.sty
Package: tabu 2019/01/11 v2.9 - flexible LaTeX tabulars (FC+tabu-fixed)

(c:/Users/15082/AppData/Roaming/TinyTeX/texmf-dist/tex/latex/varwidth/varwidth.
sty
Package: varwidth 2009/03/30 ver 0.92;  Variable-width minipages
\@vwid@box=\box72
\sift@deathcycles=\count318
\@vwid@loff=\dimen281
\@vwid@roff=\dimen282
)
\c@taburow=\count319
\tabu@nbcols=\count320
\tabu@cnt=\count321
\tabu@Xcol=\count322
\tabu@alloc=\count323
\tabu@nested=\count324
\tabu@target=\dimen283
\tabu@spreadtarget=\dimen284
\tabu@naturalX=\dimen285
\tabucolX=\dimen286
\tabu@Xsum=\dimen287
\extrarowdepth=\dimen288
\abovetabulinesep=\dimen289
\belowtabulinesep=\dimen290
\tabustrutrule=\dimen291
\tabu@thebody=\toks39
\tabu@footnotes=\toks40
\tabu@box=\box73
\tabu@arstrutbox=\box74
\tabu@hleads=\box75
\tabu@vleads=\box76
\tabu@cellskip=\skip68
) (c:/Users/15082/AppData/Roaming/TinyTeX/texmf-dist/tex/latex/float/float.sty
Package: float 2001/11/08 v1.3d Float enhancements (AL)
\c@float@type=\count325
\float@exts=\toks41
\float@box=\box77
\@float@everytoks=\toks42
\@floatcapt=\box78
) (./homework-one.aux)
\openout1 = `homework-one.aux'.

LaTeX Font Info:    Checking defaults for OML/cmm/m/it on input line 151.
LaTeX Font Info:    ... okay on input line 151.
LaTeX Font Info:    Checking defaults for T1/cmr/m/n on input line 151.
LaTeX Font Info:    ... okay on input line 151.
LaTeX Font Info:    Checking defaults for OT1/cmr/m/n on input line 151.
LaTeX Font Info:    ... okay on input line 151.
LaTeX Font Info:    Checking defaults for OMS/cmsy/m/n on input line 151.
LaTeX Font Info:    ... okay on input line 151.
LaTeX Font Info:    Checking defaults for TU/lmr/m/n on input line 151.
LaTeX Font Info:    ... okay on input line 151.
LaTeX Font Info:    Checking defaults for OMX/cmex/m/n on input line 151.
LaTeX Font Info:    ... okay on input line 151.
LaTeX Font Info:    Checking defaults for U/cmr/m/n on input line 151.
LaTeX Font Info:    ... okay on input line 151.
LaTeX Font Info:    Checking defaults for TS1/cmr/m/n on input line 151.
LaTeX Font Info:    Trying to load font information for TS1+cmr on input line 1
51.
(c:/Users/15082/AppData/Roaming/TinyTeX/texmf-dist/tex/latex/base/ts1cmr.fd
File: ts1cmr.fd 2014/09/29 v2.5h Standard LaTeX font definitions
)
LaTeX Font Info:    ... okay on input line 151.
LaTeX Font Info:    Checking defaults for PD1/pdf/m/n on input line 151.
LaTeX Font Info:    ... okay on input line 151.
LaTeX Font Info:    Checking defaults for PU/pdf/m/n on input line 151.
LaTeX Font Info:    ... okay on input line 151.
*geometry* driver: auto-detecting
*geometry* detected driver: xetex
*geometry* verbose mode - [ preamble ] result:
* driver: xetex
* paper: <default>
* layout: <same size as paper>
* layoutoffset:(h,v)=(0.0pt,0.0pt)
* modes: twoside 
* h-part:(L,W,R)=(72.26999pt, 469.75502pt, 72.26999pt)
* v-part:(T,H,B)=(72.26999pt, 650.43001pt, 72.26999pt)
* \paperwidth=614.295pt
* \paperheight=794.96999pt
* \textwidth=469.75502pt
* \textheight=650.43001pt
* \oddsidemargin=0.0pt
* \evensidemargin=0.0pt
* \topmargin=-30.06749pt
* \headheight=12.0pt
* \headsep=18.06749pt
* \topskip=10.0pt
* \footskip=25.29494pt
* \marginparwidth=125.0pt
* \marginparsep=7.0pt
* \columnsep=10.0pt
* \skip\footins=9.0pt plus 4.0pt minus 2.0pt
* \hoffset=0.0pt
* \voffset=0.0pt
* \mag=1000
* \@twocolumnfalse
* \@twosidetrue
* \@mparswitchtrue
* \@reversemarginfalse
* (1in=72.27pt=25.4mm, 1cm=28.453pt)

\AtBeginShipoutBox=\box79
Package hyperref Info: Link coloring OFF on input line 151.

(c:/Users/15082/AppData/Roaming/TinyTeX/texmf-dist/tex/latex/hyperref/nameref.s
ty
Package: nameref 2019/09/16 v2.46 Cross-referencing by name of section

(c:/Users/15082/AppData/Roaming/TinyTeX/texmf-dist/tex/generic/oberdiek/gettitl
estring.sty
Package: gettitlestring 2016/05/16 v1.5 Cleanup title references (HO)
)
\c@section@level=\count326
)
LaTeX Info: Redefining \ref on input line 151.
LaTeX Info: Redefining \pageref on input line 151.
LaTeX Info: Redefining \nameref on input line 151.
(./homework-one.out) (./homework-one.out)
\@outlinefile=\write7
\openout7 = `homework-one.out'.

ABD: EveryShipout initializing macros
LaTeX Font Info:    Font shape `TU/Arial(0)/m/n' will be
(Font)              scaled to size 17.23828pt on input line 152.
LaTeX Font Info:    Font shape `TU/Arial(0)/m/n' will be
(Font)              scaled to size 9.97394pt on input line 152.
LaTeX Font Info:    Font shape `TU/Arial(0)/m/it' will be
(Font)              scaled to size 9.97394pt on input line 152.
[1


]
LaTeX Font Info:    Font shape `TU/Arial(0)/m/n' will be
(Font)              scaled to size 14.36246pt on input line 156.
LaTeX Font Info:    Font shape `TU/Arial(0)/bx/n' will be
(Font)              scaled to size 14.36246pt on input line 156.
(./homework-one.toc
LaTeX Font Info:    Font shape `TU/Arial(0)/bx/n' will be
(Font)              scaled to size 8.31161pt on input line 1.
LaTeX Font Info:    Trying to load font information for OT1+lmr on input line 2
.
(c:/Users/15082/AppData/Roaming/TinyTeX/texmf-dist/tex/latex/lm/ot1lmr.fd
File: ot1lmr.fd 2009/10/30 v1.6 Font defs for Latin Modern
)
LaTeX Font Info:    Trying to load font information for OML+lmm on input line 2
.
(c:/Users/15082/AppData/Roaming/TinyTeX/texmf-dist/tex/latex/lm/omllmm.fd
File: omllmm.fd 2009/10/30 v1.6 Font defs for Latin Modern
)
LaTeX Font Info:    Trying to load font information for OMS+lmsy on input line 
2.
(c:/Users/15082/AppData/Roaming/TinyTeX/texmf-dist/tex/latex/lm/omslmsy.fd
File: omslmsy.fd 2009/10/30 v1.6 Font defs for Latin Modern
)
LaTeX Font Info:    Trying to load font information for OMX+lmex on input line 
2.
(c:/Users/15082/AppData/Roaming/TinyTeX/texmf-dist/tex/latex/lm/omxlmex.fd
File: omxlmex.fd 2009/10/30 v1.6 Font defs for Latin Modern
)
LaTeX Font Info:    External font `lmex10' loaded for size
(Font)              <10> on input line 2.
LaTeX Font Info:    External font `lmex10' loaded for size
(Font)              <7> on input line 2.
LaTeX Font Info:    External font `lmex10' loaded for size
(Font)              <5> on input line 2.
LaTeX Font Info:    Trying to load font information for U+msa on input line 2.
(c:/Users/15082/AppData/Roaming/TinyTeX/texmf-dist/tex/latex/amsfonts/umsa.fd
File: umsa.fd 2013/01/14 v3.01 AMS symbols A
)
LaTeX Font Info:    Trying to load font information for U+msb on input line 2.
(c:/Users/15082/AppData/Roaming/TinyTeX/texmf-dist/tex/latex/amsfonts/umsb.fd
File: umsb.fd 2013/01/14 v3.01 AMS symbols B
))
\tf@toc=\write8
\openout8 = `homework-one.toc'.

[2

]
LaTeX Font Info:    Font shape `TU/Arial(0)/m/n' will be
(Font)              scaled to size 11.96872pt on input line 165.
LaTeX Font Info:    Font shape `TU/Arial(0)/bx/n' will be
(Font)              scaled to size 11.96872pt on input line 165.

Package hyperref Warning: The anchor of a bookmark and its parent's must not
(hyperref)                be the same. Added a new anchor on input line 165.


Package xcolor Warning: Incompatible color definition on input line 169.

LaTeX Font Info:    Font shape `TU/lmtt/bx/n' in size <10> not available
(Font)              Font shape `TU/lmtt/b/n' tried instead on input line 172.

Package xcolor Warning: Incompatible color definition on input line 203.


Package xcolor Warning: Incompatible color definition on input line 203.

[3

]
Chapter 1.

Underfull \hbox (badness 10000) in paragraph at lines 216--218

 []


Package hyperref Warning: The anchor of a bookmark and its parent's must not
(hyperref)                be the same. Added a new anchor on input line 222.


Package xcolor Warning: Incompatible color definition on input line 228.


Package xcolor Warning: Incompatible color definition on input line 234.


Package xcolor Warning: Incompatible color definition on input line 234.

LaTeX Font Info:    Font shape `TU/Arial(0)/bx/n' will be
(Font)              scaled to size 9.97394pt on input line 239.
LaTeX Font Info:    Font shape `TU/lmtt/bx/n' in size <12> not available
(Font)              Font shape `TU/lmtt/b/n' tried instead on input line 239.

Package xcolor Warning: Incompatible color definition on input line 246.


Package xcolor Warning: Incompatible color definition on input line 257.


Package xcolor Warning: Incompatible color definition on input line 257.

File: "homework-one_files/figure-latex/""ha-2.1a-gold-1".pdf Graphic file (type
 pdf)
<use "homework-one_files/figure-latex/""ha-2.1a-gold-1".pdf>
[4

]

Package xcolor Warning: Incompatible color definition on input line 268.


Package xcolor Warning: Incompatible color definition on input line 279.


Package xcolor Warning: Incompatible color definition on input line 279.

File: "homework-one_files/figure-latex/""ha-2.1a-woolyrnq-1".pdf Graphic file (
type pdf)
<use "homework-one_files/figure-latex/""ha-2.1a-woolyrnq-1".pdf>

Package xcolor Warning: Incompatible color definition on input line 289.


Package xcolor Warning: Incompatible color definition on input line 300.


Package xcolor Warning: Incompatible color definition on input line 300.

File: "homework-one_files/figure-latex/""ha-2.1a-gas-1".pdf Graphic file (type 
pdf)
<use "homework-one_files/figure-latex/""ha-2.1a-gas-1".pdf>
[5]

Package xcolor Warning: Incompatible color definition on input line 311.


Package xcolor Warning: Incompatible color definition on input line 317.


Package xcolor Warning: Incompatible color definition on input line 317.


Underfull \hbox (badness 10000) in paragraph at lines 324--326

 []


Package xcolor Warning: Incompatible color definition on input line 336.


Package xcolor Warning: Incompatible color definition on input line 340.


Package xcolor Warning: Incompatible color definition on input line 340.


Package xcolor Warning: Incompatible color definition on input line 358.

[6]

Package xcolor Warning: Incompatible color definition on input line 362.


Package xcolor Warning: Incompatible color definition on input line 362.

LaTeX Font Info:    Font shape `TU/Arial(0)/m/it' will be
(Font)              scaled to size 8.31161pt on input line 364.

Package xcolor Warning: Incompatible color definition on input line 369.


Package xcolor Warning: Incompatible color definition on input line 374.


Package xcolor Warning: Incompatible color definition on input line 374.


Overfull \hbox (20.40562pt too wide) in paragraph at lines 377--377
|\TU/Arial(0)/bx/n/12 c. Explore your chosen retail time series using the follo
wing functions: \TU/lmtt/b/n/12 autoplot()\TU/Arial(0)/bx/n/12 , \TU/lmtt/b/n/1
2 ggseasonplot()\TU/Arial(0)/bx/n/12 ,
 []


Package xcolor Warning: Incompatible color definition on input line 382.


Package xcolor Warning: Incompatible color definition on input line 388.


Package xcolor Warning: Incompatible color definition on input line 388.

File: "homework-one_files/figure-latex/""ha-2.3c-autoplot-1".pdf Graphic file (
type pdf)
<use "homework-one_files/figure-latex/""ha-2.3c-autoplot-1".pdf>

Package xcolor Warning: Incompatible color definition on input line 397.


Package xcolor Warning: Incompatible color definition on input line 404.


Package xcolor Warning: Incompatible color definition on input line 404.

File: "homework-one_files/figure-latex/""ha-2.3c-ggseasonplot-1".pdf Graphic fi
le (type pdf)
<use "homework-one_files/figure-latex/""ha-2.3c-ggseasonplot-1".pdf>
[7]

Package xcolor Warning: Incompatible color definition on input line 412.


Package xcolor Warning: Incompatible color definition on input line 418.


Package xcolor Warning: Incompatible color definition on input line 418.

File: "homework-one_files/figure-latex/""ha-2.3c-ggsubseriesplot-1".pdf Graphic
 file (type pdf)
<use "homework-one_files/figure-latex/""ha-2.3c-ggsubseriesplot-1".pdf>

Package xcolor Warning: Incompatible color definition on input line 427.


Package xcolor Warning: Incompatible color definition on input line 433.


Package xcolor Warning: Incompatible color definition on input line 433.

File: "homework-one_files/figure-latex/""ha-2.3c-gglagplot-1".pdf Graphic file 
(type pdf)
<use "homework-one_files/figure-latex/""ha-2.3c-gglagplot-1".pdf>
[8]

Package xcolor Warning: Incompatible color definition on input line 442.


Package xcolor Warning: Incompatible color definition on input line 448.


Package xcolor Warning: Incompatible color definition on input line 448.

File: "homework-one_files/figure-latex/""ha-2.3c-ggAcf-1".pdf Graphic file (typ
e pdf)
<use "homework-one_files/figure-latex/""ha-2.3c-ggAcf-1".pdf>
[9]
Chapter 2.

Package hyperref Warning: The anchor of a bookmark and its parent's must not
(hyperref)                be the same. Added a new anchor on input line 464.


Package xcolor Warning: Incompatible color definition on input line 470.


Package xcolor Warning: Incompatible color definition on input line 475.


Package xcolor Warning: Incompatible color definition on input line 475.


Package xcolor Warning: Incompatible color definition on input line 480.


Package xcolor Warning: Incompatible color definition on input line 496.


Package xcolor Warning: Incompatible color definition on input line 496.

File: "homework-one_files/figure-latex/""ha6.2a-1".pdf Graphic file (type pdf)
<use "homework-one_files/figure-latex/""ha6.2a-1".pdf>

Package xcolor Warning: Incompatible color definition on input line 505.

[10

]

Package xcolor Warning: Incompatible color definition on input line 514.


Package xcolor Warning: Incompatible color definition on input line 514.

File: "homework-one_files/figure-latex/""ha6.2b-1".pdf Graphic file (type pdf)
<use "homework-one_files/figure-latex/""ha6.2b-1".pdf>

Package xcolor Warning: Incompatible color definition on input line 518.


Package xcolor Warning: Incompatible color definition on input line 524.


Package xcolor Warning: Incompatible color definition on input line 524.


Package xcolor Warning: Incompatible color definition on input line 533.


Package xcolor Warning: Incompatible color definition on input line 544.


Package xcolor Warning: Incompatible color definition on input line 544.

[11]

Package xcolor Warning: Incompatible color definition on input line 560.


Package xcolor Warning: Incompatible color definition on input line 573.


Package xcolor Warning: Incompatible color definition on input line 573.

File: "homework-one_files/figure-latex/""ha6.2d-1".pdf Graphic file (type pdf)
<use "homework-one_files/figure-latex/""ha6.2d-1".pdf>

Package xcolor Warning: Incompatible color definition on input line 580.


Package xcolor Warning: Incompatible color definition on input line 596.


Package xcolor Warning: Incompatible color definition on input line 596.

File: "homework-one_files/figure-latex/""ha6.2e-1".pdf Graphic file (type pdf)
<use "homework-one_files/figure-latex/""ha6.2e-1".pdf>
[12]

Package xcolor Warning: Incompatible color definition on input line 605.


Package xcolor Warning: Incompatible color definition on input line 634.


Package xcolor Warning: Incompatible color definition on input line 634.

File: "homework-one_files/figure-latex/""ha6.2f-1".pdf Graphic file (type pdf)
<use "homework-one_files/figure-latex/""ha6.2f-1".pdf>
[13] [14]
Chapter 3.

Underfull \hbox (badness 10000) in paragraph at lines 644--646

 []


Package hyperref Warning: The anchor of a bookmark and its parent's must not
(hyperref)                be the same. Added a new anchor on input line 650.


Overfull \hbox (5.70639pt too wide) in paragraph at lines 693--693
 []\TU/Arial(0)/m/n/10 median|
 []


Overfull \hbox (8.46205pt too wide) in paragraph at lines 693--693
 []\TU/Arial(0)/m/n/10 trimmed|
 []


Overfull \hbox (7.08218pt too wide) in paragraph at lines 693--693
 []\TU/Arial(0)/m/n/10 kurtosis|
 []


Package xcolor Warning: Incompatible color definition on input line 701.


Package xcolor Warning: Incompatible color definition on input line 716.


Package xcolor Warning: Incompatible color definition on input line 716.


Package xcolor Warning: Incompatible color definition on input line 716.

[15

]

Package xcolor Warning: Incompatible color definition on input line 716.


Package xcolor Warning: Incompatible color definition on input line 716.


Underfull \hbox (badness 10000) in paragraph at lines 720--744

 []


Package xcolor Warning: Incompatible color definition on input line 750.


Package xcolor Warning: Incompatible color definition on input line 756.


Package xcolor Warning: Incompatible color definition on input line 756.

File: "homework-one_files/figure-latex/""glass-1".pdf Graphic file (type pdf)
<use "homework-one_files/figure-latex/""glass-1".pdf>
[16]

Package xcolor Warning: Incompatible color definition on input line 769.


Package xcolor Warning: Incompatible color definition on input line 774.


Package xcolor Warning: Incompatible color definition on input line 774.

File: "homework-one_files/figure-latex/""glass.2-1".pdf Graphic file (type pdf)

<use "homework-one_files/figure-latex/""glass.2-1".pdf>
[17]

Package xcolor Warning: Incompatible color definition on input line 788.


Package xcolor Warning: Incompatible color definition on input line 798.


Package xcolor Warning: Incompatible color definition on input line 798.

File: "homework-one_files/figure-latex/""facetBox-1".pdf Graphic file (type pdf
)
<use "homework-one_files/figure-latex/""facetBox-1".pdf>

Package xcolor Warning: Incompatible color definition on input line 807.


Package xcolor Warning: Incompatible color definition on input line 817.


Package xcolor Warning: Incompatible color definition on input line 817.


Package xcolor Warning: Incompatible color definition on input line 817.

[18]

Package xcolor Warning: Incompatible color definition on input line 817.


Package xcolor Warning: Incompatible color definition on input line 817.

[19]

Package xcolor Warning: Incompatible color definition on input line 881.


Package xcolor Warning: Incompatible color definition on input line 889.


Package xcolor Warning: Incompatible color definition on input line 889.

File: "homework-one_files/figure-latex/""3.1c.1-1".pdf Graphic file (type pdf)
<use "homework-one_files/figure-latex/""3.1c.1-1".pdf>

Package xcolor Warning: Incompatible color definition on input line 895.


Package xcolor Warning: Incompatible color definition on input line 901.


Package xcolor Warning: Incompatible color definition on input line 901.


Package xcolor Warning: Incompatible color definition on input line 927.


Package xcolor Warning: Incompatible color definition on input line 937.


Package xcolor Warning: Incompatible color definition on input line 937.


Package xcolor Warning: Incompatible color definition on input line 937.

[20]

Package xcolor Warning: Incompatible color definition on input line 937.


Package xcolor Warning: Incompatible color definition on input line 937.


Package xcolor Warning: Incompatible color definition on input line 965.


Package xcolor Warning: Incompatible color definition on input line 971.


Package xcolor Warning: Incompatible color definition on input line 971.

File: "homework-one_files/figure-latex/""3.1c.3-6-1".pdf Graphic file (type pdf
)
<use "homework-one_files/figure-latex/""3.1c.3-6-1".pdf>

Package xcolor Warning: Incompatible color definition on input line 977.

[21]

Package xcolor Warning: Incompatible color definition on input line 988.


Package xcolor Warning: Incompatible color definition on input line 988.

File: "homework-one_files/figure-latex/""ss-1".pdf Graphic file (type pdf)
<use "homework-one_files/figure-latex/""ss-1".pdf>

Package xcolor Warning: Incompatible color definition on input line 993.


Package xcolor Warning: Incompatible color definition on input line 997.


Package xcolor Warning: Incompatible color definition on input line 997.


Underfull \hbox (badness 10000) in paragraph at lines 1001--1019

 []


Package xcolor Warning: Incompatible color definition on input line 1022.


Package xcolor Warning: Incompatible color definition on input line 1026.


Package xcolor Warning: Incompatible color definition on input line 1026.


Underfull \hbox (badness 10000) in paragraph at lines 1030--1048

 []

[22]

Package xcolor Warning: Incompatible color definition on input line 1058.


Package xcolor Warning: Incompatible color definition on input line 1063.


Package xcolor Warning: Incompatible color definition on input line 1063.


Package xcolor Warning: Incompatible color definition on input line 1068.


Package xcolor Warning: Incompatible color definition on input line 1081.


Package xcolor Warning: Incompatible color definition on input line 1081.

File: "homework-one_files/figure-latex/""kj3.2a-1".pdf Graphic file (type pdf)
<use "homework-one_files/figure-latex/""kj3.2a-1".pdf>
[23]

Package xcolor Warning: Incompatible color definition on input line 1090.


Package xcolor Warning: Incompatible color definition on input line 1102.


Package xcolor Warning: Incompatible color definition on input line 1102.

File: "homework-one_files/figure-latex/""kj3.2b1-1".pdf Graphic file (type pdf)

<use "homework-one_files/figure-latex/""kj3.2b1-1".pdf>
[24]

Package xcolor Warning: Incompatible color definition on input line 1110.


Package xcolor Warning: Incompatible color definition on input line 1116.


Package xcolor Warning: Incompatible color definition on input line 1116.


Package xcolor Warning: Incompatible color definition on input line 1170.


Package xcolor Warning: Incompatible color definition on input line 1191.


Package xcolor Warning: Incompatible color definition on input line 1191.


Package xcolor Warning: Incompatible color definition on input line 1191.

[25]

Package xcolor Warning: Incompatible color definition on input line 1191.


Package xcolor Warning: Incompatible color definition on input line 1191.

[26]
Chapter 4.

Underfull \hbox (badness 10000) in paragraph at lines 1232--1234

 []


Package hyperref Warning: The anchor of a bookmark and its parent's must not
(hyperref)                be the same. Added a new anchor on input line 1238.

LaTeX Font Info:    External font `lmex10' loaded for size
(Font)              <12> on input line 1245.
LaTeX Font Info:    External font `lmex10' loaded for size
(Font)              <8> on input line 1245.
LaTeX Font Info:    External font `lmex10' loaded for size
(Font)              <6> on input line 1245.

Package xcolor Warning: Incompatible color definition on input line 1252.


Package xcolor Warning: Incompatible color definition on input line 1258.


Package xcolor Warning: Incompatible color definition on input line 1258.

[27

]

Package xcolor Warning: Incompatible color definition on input line 1303.


Package xcolor Warning: Incompatible color definition on input line 1308.


Package xcolor Warning: Incompatible color definition on input line 1308.

File: "homework-one_files/figure-latex/""ha-7.1a2-1".pdf Graphic file (type pdf
)
<use "homework-one_files/figure-latex/""ha-7.1a2-1".pdf>

Package xcolor Warning: Incompatible color definition on input line 1317.


Package xcolor Warning: Incompatible color definition on input line 1333.


Package xcolor Warning: Incompatible color definition on input line 1333.


Underfull \hbox (badness 10000) in paragraph at lines 1337--1347

 []

[28]

Package xcolor Warning: Incompatible color definition on input line 1360.


Package xcolor Warning: Incompatible color definition on input line 1384.


Package xcolor Warning: Incompatible color definition on input line 1384.


Package xcolor Warning: Incompatible color definition on input line 1391.


Package xcolor Warning: Incompatible color definition on input line 1404.


Package xcolor Warning: Incompatible color definition on input line 1404.


Package xcolor Warning: Incompatible color definition on input line 1404.

[29]

Package xcolor Warning: Incompatible color definition on input line 1404.


Package xcolor Warning: Incompatible color definition on input line 1404.


Package xcolor Warning: Incompatible color definition on input line 1408.


Package xcolor Warning: Incompatible color definition on input line 1417.


Package xcolor Warning: Incompatible color definition on input line 1417.


Underfull \hbox (badness 10000) in paragraph at lines 1421--1431

 []


Package xcolor Warning: Incompatible color definition on input line 1437.


Package xcolor Warning: Incompatible color definition on input line 1447.


Package xcolor Warning: Incompatible color definition on input line 1447.

File: "homework-one_files/figure-latex/""ha-7.3b3-1".pdf Graphic file (type pdf
)
<use "homework-one_files/figure-latex/""ha-7.3b3-1".pdf>
[30]
Chapter 5.

Package xcolor Warning: Incompatible color definition on input line 1464.


Package xcolor Warning: Incompatible color definition on input line 1493.


Package xcolor Warning: Incompatible color definition on input line 1493.


Package hyperref Warning: The anchor of a bookmark and its parent's must not
(hyperref)                be the same. Added a new anchor on input line 1496.


Package xcolor Warning: Incompatible color definition on input line 1510.

[31

]

Package xcolor Warning: Incompatible color definition on input line 1515.


Package xcolor Warning: Incompatible color definition on input line 1515.

File: "homework-one_files/figure-latex/""ha-7.5a1-1".pdf Graphic file (type pdf
)
<use "homework-one_files/figure-latex/""ha-7.5a1-1".pdf>

Package xcolor Warning: Incompatible color definition on input line 1524.


Package xcolor Warning: Incompatible color definition on input line 1540.


Package xcolor Warning: Incompatible color definition on input line 1540.

File: "homework-one_files/figure-latex/""ha-7.5a2-1".pdf Graphic file (type pdf
)
<use "homework-one_files/figure-latex/""ha-7.5a2-1".pdf>
[32]

Package xcolor Warning: Incompatible color definition on input line 1550.


Package xcolor Warning: Incompatible color definition on input line 1555.


Package xcolor Warning: Incompatible color definition on input line 1555.

[33]

Package xcolor Warning: Incompatible color definition on input line 1595.


Package xcolor Warning: Incompatible color definition on input line 1600.


Package xcolor Warning: Incompatible color definition on input line 1600.


Package xcolor Warning: Incompatible color definition on input line 1640.

[34]

Package xcolor Warning: Incompatible color definition on input line 1655.


Package xcolor Warning: Incompatible color definition on input line 1655.

File: "homework-one_files/figure-latex/""ha-7.5b3-1".pdf Graphic file (type pdf
)
<use "homework-one_files/figure-latex/""ha-7.5b3-1".pdf>

Package xcolor Warning: Incompatible color definition on input line 1666.


Package xcolor Warning: Incompatible color definition on input line 1676.


Package xcolor Warning: Incompatible color definition on input line 1676.


Package xcolor Warning: Incompatible color definition on input line 1687.

[35]

Package xcolor Warning: Incompatible color definition on input line 1717.


Package xcolor Warning: Incompatible color definition on input line 1717.

File: "homework-one_files/figure-latex/""ha7.6a-1".pdf Graphic file (type pdf)
<use "homework-one_files/figure-latex/""ha7.6a-1".pdf>
[36]

Package xcolor Warning: Incompatible color definition on input line 1740.


Package xcolor Warning: Incompatible color definition on input line 1764.


Package xcolor Warning: Incompatible color definition on input line 1764.

File: "homework-one_files/figure-latex/""ha7.6c-1".pdf Graphic file (type pdf)
<use "homework-one_files/figure-latex/""ha7.6c-1".pdf>
[37]

Package xcolor Warning: Incompatible color definition on input line 1773.


Package xcolor Warning: Incompatible color definition on input line 1793.


Package xcolor Warning: Incompatible color definition on input line 1793.


Package xcolor Warning: Incompatible color definition on input line 1819.

[38]

Package xcolor Warning: Incompatible color definition on input line 1825.


Package xcolor Warning: Incompatible color definition on input line 1825.

File: "homework-one_files/figure-latex/""ha-7.10a-1".pdf Graphic file (type pdf
)
<use "homework-one_files/figure-latex/""ha-7.10a-1".pdf>

Package xcolor Warning: Incompatible color definition on input line 1839.


Package xcolor Warning: Incompatible color definition on input line 1847.


Package xcolor Warning: Incompatible color definition on input line 1847.

File: "homework-one_files/figure-latex/""ha7.10b1-1".pdf Graphic file (type pdf
)
<use "homework-one_files/figure-latex/""ha7.10b1-1".pdf>
[39]

Package xcolor Warning: Incompatible color definition on input line 1858.


Package xcolor Warning: Incompatible color definition on input line 1869.


Package xcolor Warning: Incompatible color definition on input line 1869.

File: "homework-one_files/figure-latex/""ha-7.10b2-1".pdf Graphic file (type pd
f)
<use "homework-one_files/figure-latex/""ha-7.10b2-1".pdf>
[40]

Package xcolor Warning: Incompatible color definition on input line 1875.


Package xcolor Warning: Incompatible color definition on input line 1886.


Package xcolor Warning: Incompatible color definition on input line 1886.

File: "homework-one_files/figure-latex/""ha-7.10b3-1".pdf Graphic file (type pd
f)
<use "homework-one_files/figure-latex/""ha-7.10b3-1".pdf>
[41]

Package xcolor Warning: Incompatible color definition on input line 1898.


Package xcolor Warning: Incompatible color definition on input line 1907.


Package xcolor Warning: Incompatible color definition on input line 1907.


Underfull \hbox (badness 10000) in paragraph at lines 1911--1933

 []


Package xcolor Warning: Incompatible color definition on input line 1937.


Package xcolor Warning: Incompatible color definition on input line 1943.


Package xcolor Warning: Incompatible color definition on input line 1943.

File: "homework-one_files/figure-latex/""ha-7.10c2-1".pdf Graphic file (type pd
f)
<use "homework-one_files/figure-latex/""ha-7.10c2-1".pdf>
[42]

Package xcolor Warning: Incompatible color definition on input line 1955.


Package xcolor Warning: Incompatible color definition on input line 1964.


Package xcolor Warning: Incompatible color definition on input line 1964.


Underfull \hbox (badness 10000) in paragraph at lines 1968--1990

 []


Package xcolor Warning: Incompatible color definition on input line 1994.


Package xcolor Warning: Incompatible color definition on input line 2000.


Package xcolor Warning: Incompatible color definition on input line 2000.

File: "homework-one_files/figure-latex/""ha-7.10d2-1".pdf Graphic file (type pd
f)
<use "homework-one_files/figure-latex/""ha-7.10d2-1".pdf>

Package xcolor Warning: Incompatible color definition on input line 2012.

[43]

Package xcolor Warning: Incompatible color definition on input line 2017.


Package xcolor Warning: Incompatible color definition on input line 2017.


Package xcolor Warning: Incompatible color definition on input line 2045.


Package xcolor Warning: Incompatible color definition on input line 2050.


Package xcolor Warning: Incompatible color definition on input line 2050.


Package xcolor Warning: Incompatible color definition on input line 2055.


Package xcolor Warning: Incompatible color definition on input line 2060.


Package xcolor Warning: Incompatible color definition on input line 2060.


Underfull \hbox (badness 10000) in paragraph at lines 2064--2086

 []


Package xcolor Warning: Incompatible color definition on input line 2090.

[44]

Package xcolor Warning: Incompatible color definition on input line 2096.


Package xcolor Warning: Incompatible color definition on input line 2096.

File: "homework-one_files/figure-latex/""ha-7.10e2-1".pdf Graphic file (type pd
f)
<use "homework-one_files/figure-latex/""ha-7.10e2-1".pdf>

Package xcolor Warning: Incompatible color definition on input line 2120.


Package xcolor Warning: Incompatible color definition on input line 2131.


Package xcolor Warning: Incompatible color definition on input line 2131.

File: "homework-one_files/figure-latex/""ha-7.10g-1".pdf Graphic file (type pdf
)
<use "homework-one_files/figure-latex/""ha-7.10g-1".pdf>
[45]

Package xcolor Warning: Incompatible color definition on input line 2140.


Package xcolor Warning: Incompatible color definition on input line 2146.


Package xcolor Warning: Incompatible color definition on input line 2146.

File: "homework-one_files/figure-latex/""ha-7.10h-1".pdf Graphic file (type pdf
)
<use "homework-one_files/figure-latex/""ha-7.10h-1".pdf>
[46]
Chapter 6.

Package hyperref Warning: The anchor of a bookmark and its parent's must not
(hyperref)                be the same. Added a new anchor on input line 2166.


Package xcolor Warning: Incompatible color definition on input line 2190.


Package xcolor Warning: Incompatible color definition on input line 2199.


Package xcolor Warning: Incompatible color definition on input line 2199.

File: "homework-one_files/figure-latex/""8.2a-1".pdf Graphic file (type pdf)
<use "homework-one_files/figure-latex/""8.2a-1".pdf>
[47

]

Package xcolor Warning: Incompatible color definition on input line 2210.


Package xcolor Warning: Incompatible color definition on input line 2217.


Package xcolor Warning: Incompatible color definition on input line 2217.

File: "homework-one_files/figure-latex/""8.2b-1".pdf Graphic file (type pdf)
<use "homework-one_files/figure-latex/""8.2b-1".pdf>

Package xcolor Warning: Incompatible color definition on input line 2227.


Package xcolor Warning: Incompatible color definition on input line 2236.


Package xcolor Warning: Incompatible color definition on input line 2236.


Package xcolor Warning: Incompatible color definition on input line 2236.

[48]

Package xcolor Warning: Incompatible color definition on input line 2236.


Package xcolor Warning: Incompatible color definition on input line 2236.

File: "homework-one_files/figure-latex/""8.2c-1".pdf Graphic file (type pdf)
<use "homework-one_files/figure-latex/""8.2c-1".pdf>

Package xcolor Warning: Incompatible color definition on input line 2252.


Package xcolor Warning: Incompatible color definition on input line 2296.


Package xcolor Warning: Incompatible color definition on input line 2296.


Package xcolor Warning: Incompatible color definition on input line 2296.

[49]

Package xcolor Warning: Incompatible color definition on input line 2296.


Package xcolor Warning: Incompatible color definition on input line 2296.


Package xcolor Warning: Incompatible color definition on input line 2333.

[50]

Package xcolor Warning: Incompatible color definition on input line 2350.


Package xcolor Warning: Incompatible color definition on input line 2350.

File: "homework-one_files/figure-latex/""8.6b-1".pdf Graphic file (type pdf)
<use "homework-one_files/figure-latex/""8.6b-1".pdf>

Underfull \hbox (badness 10000) in paragraph at lines 2357--2359

 []


Underfull \hbox (badness 10000) in paragraph at lines 2359--2361

 []


Package xcolor Warning: Incompatible color definition on input line 2369.


Package xcolor Warning: Incompatible color definition on input line 2407.


Package xcolor Warning: Incompatible color definition on input line 2407.


Package xcolor Warning: Incompatible color definition on input line 2407.

[51]

Package xcolor Warning: Incompatible color definition on input line 2407.


Package xcolor Warning: Incompatible color definition on input line 2407.

[52]

Package xcolor Warning: Incompatible color definition on input line 2444.


Package xcolor Warning: Incompatible color definition on input line 2460.


Package xcolor Warning: Incompatible color definition on input line 2460.

File: "homework-one_files/figure-latex/""8.6d-1".pdf Graphic file (type pdf)
<use "homework-one_files/figure-latex/""8.6d-1".pdf>

Package xcolor Warning: Incompatible color definition on input line 2476.


Package xcolor Warning: Incompatible color definition on input line 2513.


Package xcolor Warning: Incompatible color definition on input line 2513.


Package xcolor Warning: Incompatible color definition on input line 2513.

[53]

Package xcolor Warning: Incompatible color definition on input line 2513.


Package xcolor Warning: Incompatible color definition on input line 2513.

[54]

Package xcolor Warning: Incompatible color definition on input line 2559.


Package xcolor Warning: Incompatible color definition on input line 2600.


Package xcolor Warning: Incompatible color definition on input line 2600.


Package xcolor Warning: Incompatible color definition on input line 2600.

[55]

Package xcolor Warning: Incompatible color definition on input line 2600.


Package xcolor Warning: Incompatible color definition on input line 2600.


Package xcolor Warning: Incompatible color definition on input line 2646.


Package xcolor Warning: Incompatible color definition on input line 2653.


Package xcolor Warning: Incompatible color definition on input line 2653.

File: "homework-one_files/figure-latex/""8.6g-1".pdf Graphic file (type pdf)
<use "homework-one_files/figure-latex/""8.6g-1".pdf>
[56]

Package xcolor Warning: Incompatible color definition on input line 2675.


Package xcolor Warning: Incompatible color definition on input line 2680.


Package xcolor Warning: Incompatible color definition on input line 2680.


Package xcolor Warning: Incompatible color definition on input line 2695.


Package xcolor Warning: Incompatible color definition on input line 2699.


Package xcolor Warning: Incompatible color definition on input line 2699.

File: "homework-one_files/figure-latex/""ha8.8a-1".pdf Graphic file (type pdf)
<use "homework-one_files/figure-latex/""ha8.8a-1".pdf>

Package xcolor Warning: Incompatible color definition on input line 2703.

[57]

Package xcolor Warning: Incompatible color definition on input line 2707.


Package xcolor Warning: Incompatible color definition on input line 2707.

File: "homework-one_files/figure-latex/""ha8.8a-2".pdf Graphic file (type pdf)
<use "homework-one_files/figure-latex/""ha8.8a-2".pdf>

Package xcolor Warning: Incompatible color definition on input line 2716.


Package xcolor Warning: Incompatible color definition on input line 2720.


Package xcolor Warning: Incompatible color definition on input line 2720.


Package xcolor Warning: Incompatible color definition on input line 2735.


Package xcolor Warning: Incompatible color definition on input line 2739.


Package xcolor Warning: Incompatible color definition on input line 2739.

File: "homework-one_files/figure-latex/""8.8b-1".pdf Graphic file (type pdf)
<use "homework-one_files/figure-latex/""8.8b-1".pdf>

Package xcolor Warning: Incompatible color definition on input line 2743.

[58]

Package xcolor Warning: Incompatible color definition on input line 2747.


Package xcolor Warning: Incompatible color definition on input line 2747.


Package xcolor Warning: Incompatible color definition on input line 2757.


Package xcolor Warning: Incompatible color definition on input line 2761.


Package xcolor Warning: Incompatible color definition on input line 2761.

File: "homework-one_files/figure-latex/""ha8.8b2-1".pdf Graphic file (type pdf)

<use "homework-one_files/figure-latex/""ha8.8b2-1".pdf>

Package xcolor Warning: Incompatible color definition on input line 2768.


Package xcolor Warning: Incompatible color definition on input line 2772.


Package xcolor Warning: Incompatible color definition on input line 2772.

File: "homework-one_files/figure-latex/""ha8.8b3-1".pdf Graphic file (type pdf)

<use "homework-one_files/figure-latex/""ha8.8b3-1".pdf>

Package xcolor Warning: Incompatible color definition on input line 2779.

[59]

Package xcolor Warning: Incompatible color definition on input line 2784.


Package xcolor Warning: Incompatible color definition on input line 2784.

File: "homework-one_files/figure-latex/""ha8.8b4-1".pdf Graphic file (type pdf)

<use "homework-one_files/figure-latex/""ha8.8b4-1".pdf>

Package xcolor Warning: Incompatible color definition on input line 2791.


Package xcolor Warning: Incompatible color definition on input line 2796.


Package xcolor Warning: Incompatible color definition on input line 2796.


Package xcolor Warning: Incompatible color definition on input line 2805.


Package xcolor Warning: Incompatible color definition on input line 2810.


Package xcolor Warning: Incompatible color definition on input line 2810.


Package xcolor Warning: Incompatible color definition on input line 2819.


Package xcolor Warning: Incompatible color definition on input line 2823.


Package xcolor Warning: Incompatible color definition on input line 2823.


Package xcolor Warning: Incompatible color definition on input line 2834.

[60]

Package xcolor Warning: Incompatible color definition on input line 2838.


Package xcolor Warning: Incompatible color definition on input line 2838.


Package xcolor Warning: Incompatible color definition on input line 2853.


Package xcolor Warning: Incompatible color definition on input line 2857.


Package xcolor Warning: Incompatible color definition on input line 2857.

File: "homework-one_files/figure-latex/""8.8c1-1".pdf Graphic file (type pdf)
<use "homework-one_files/figure-latex/""8.8c1-1".pdf>

Package xcolor Warning: Incompatible color definition on input line 2861.


Package xcolor Warning: Incompatible color definition on input line 2866.


Package xcolor Warning: Incompatible color definition on input line 2866.

File: "homework-one_files/figure-latex/""8.8c1-2".pdf Graphic file (type pdf)
<use "homework-one_files/figure-latex/""8.8c1-2".pdf>

Package xcolor Warning: Incompatible color definition on input line 2870.


Package xcolor Warning: Incompatible color definition on input line 2874.


Package xcolor Warning: Incompatible color definition on input line 2874.


Package xcolor Warning: Incompatible color definition on input line 2889.

[61]

Package xcolor Warning: Incompatible color definition on input line 2894.


Package xcolor Warning: Incompatible color definition on input line 2894.


Overfull \hbox (18.49498pt too wide) in paragraph at lines 2898--2899
[]\TU/lmtt/m/n/10 Error in stats::arima(x = x, order = order, seasonal = season
al, include.mean = include.mean,
 []


Package xcolor Warning: Incompatible color definition on input line 2902.


Package xcolor Warning: Incompatible color definition on input line 2907.


Package xcolor Warning: Incompatible color definition on input line 2907.


Package xcolor Warning: Incompatible color definition on input line 2922.


Package xcolor Warning: Incompatible color definition on input line 2926.


Package xcolor Warning: Incompatible color definition on input line 2926.

File: "homework-one_files/figure-latex/""8.8c3-1".pdf Graphic file (type pdf)
<use "homework-one_files/figure-latex/""8.8c3-1".pdf>

Package xcolor Warning: Incompatible color definition on input line 2930.


Package xcolor Warning: Incompatible color definition on input line 2935.


Package xcolor Warning: Incompatible color definition on input line 2935.

File: "homework-one_files/figure-latex/""8.8c3-2".pdf Graphic file (type pdf)
<use "homework-one_files/figure-latex/""8.8c3-2".pdf>

Package xcolor Warning: Incompatible color definition on input line 2939.

[62]

Package xcolor Warning: Incompatible color definition on input line 2943.


Package xcolor Warning: Incompatible color definition on input line 2943.


Package xcolor Warning: Incompatible color definition on input line 2958.


Package xcolor Warning: Incompatible color definition on input line 2963.


Package xcolor Warning: Incompatible color definition on input line 2963.


Package xcolor Warning: Incompatible color definition on input line 2978.


Package xcolor Warning: Incompatible color definition on input line 2982.


Package xcolor Warning: Incompatible color definition on input line 2982.

File: "homework-one_files/figure-latex/""ha8.8c4-1".pdf Graphic file (type pdf)

<use "homework-one_files/figure-latex/""ha8.8c4-1".pdf>

Package xcolor Warning: Incompatible color definition on input line 2986.

[63]

Package xcolor Warning: Incompatible color definition on input line 2991.


Package xcolor Warning: Incompatible color definition on input line 2991.

File: "homework-one_files/figure-latex/""ha8.8c4-2".pdf Graphic file (type pdf)

<use "homework-one_files/figure-latex/""ha8.8c4-2".pdf>

Package xcolor Warning: Incompatible color definition on input line 2995.


Package xcolor Warning: Incompatible color definition on input line 2999.


Package xcolor Warning: Incompatible color definition on input line 2999.


Package xcolor Warning: Incompatible color definition on input line 3013.


Package xcolor Warning: Incompatible color definition on input line 3017.


Package xcolor Warning: Incompatible color definition on input line 3017.


Package xcolor Warning: Incompatible color definition on input line 3032.


Package xcolor Warning: Incompatible color definition on input line 3036.


Package xcolor Warning: Incompatible color definition on input line 3036.

File: "homework-one_files/figure-latex/""ha8.8d1-1".pdf Graphic file (type pdf)

<use "homework-one_files/figure-latex/""ha8.8d1-1".pdf>

Package xcolor Warning: Incompatible color definition on input line 3040.

[64]

Package xcolor Warning: Incompatible color definition on input line 3044.


Package xcolor Warning: Incompatible color definition on input line 3044.


Package xcolor Warning: Incompatible color definition on input line 3054.


Package xcolor Warning: Incompatible color definition on input line 3058.


Package xcolor Warning: Incompatible color definition on input line 3058.

File: "homework-one_files/figure-latex/""ha8.8d1-2".pdf Graphic file (type pdf)

<use "homework-one_files/figure-latex/""ha8.8d1-2".pdf>

Package xcolor Warning: Incompatible color definition on input line 3065.


Package xcolor Warning: Incompatible color definition on input line 3069.


Package xcolor Warning: Incompatible color definition on input line 3069.

File: "homework-one_files/figure-latex/""ha8.8d2-1".pdf Graphic file (type pdf)

<use "homework-one_files/figure-latex/""ha8.8d2-1".pdf>

Package xcolor Warning: Incompatible color definition on input line 3076.

[65]

Package xcolor Warning: Incompatible color definition on input line 3081.


Package xcolor Warning: Incompatible color definition on input line 3081.

File: "homework-one_files/figure-latex/""ha8.8d3-1".pdf Graphic file (type pdf)

<use "homework-one_files/figure-latex/""ha8.8d3-1".pdf>

Package xcolor Warning: Incompatible color definition on input line 3090.


Package xcolor Warning: Incompatible color definition on input line 3094.


Package xcolor Warning: Incompatible color definition on input line 3094.


Package xcolor Warning: Incompatible color definition on input line 3103.


Package xcolor Warning: Incompatible color definition on input line 3107.


Package xcolor Warning: Incompatible color definition on input line 3107.


Package xcolor Warning: Incompatible color definition on input line 3121.


Package xcolor Warning: Incompatible color definition on input line 3125.


Package xcolor Warning: Incompatible color definition on input line 3125.

[66]

Package xcolor Warning: Incompatible color definition on input line 3140.


Package xcolor Warning: Incompatible color definition on input line 3144.


Package xcolor Warning: Incompatible color definition on input line 3144.

File: "homework-one_files/figure-latex/""ha8.8e-1".pdf Graphic file (type pdf)
<use "homework-one_files/figure-latex/""ha8.8e-1".pdf>

Package xcolor Warning: Incompatible color definition on input line 3148.


Package xcolor Warning: Incompatible color definition on input line 3152.


Package xcolor Warning: Incompatible color definition on input line 3152.

File: "homework-one_files/figure-latex/""ha8.8e-2".pdf Graphic file (type pdf)
<use "homework-one_files/figure-latex/""ha8.8e-2".pdf>

Package xcolor Warning: Incompatible color definition on input line 3156.


Package xcolor Warning: Incompatible color definition on input line 3160.


Package xcolor Warning: Incompatible color definition on input line 3160.

No file homework-one.bbl.
[67]
Package atveryend Info: Empty hook `BeforeClearDocument' on input line 3176.
Package atveryend Info: Empty hook `AfterLastShipout' on input line 3176.
(./homework-one.aux)
Package atveryend Info: Empty hook `AtVeryEndDocument' on input line 3176.
Package atveryend Info: Executing hook `AtEndAfterFileList' on input line 3176.

Package rerunfilecheck Info: File `homework-one.out' has not changed.
(rerunfilecheck)             Checksum: 3AA1C52E506874A970AF052E9D888122.
 ) 
Here is how much of TeX's memory you used:
 35194 strings out of 494468
 696704 string characters out of 6172222
 787748 words of memory out of 5000000
 39045 multiletter control sequences out of 15000+600000
 557205 words of font info for 83 fonts, out of 8000000 for 9000
 14 hyphenation exceptions out of 8191
 59i,15n,116p,883b,475s stack positions out of 5000i,500n,10000p,200000b,80000s

Output written on homework-one.pdf (67 pages).
